Pocetak izvrsavanja mogodb.py
2013-12-03 13:50:12.178878
Zavrsetak izvodenja skripte mongodb.py
Spremljeno u bazu :
1048
podataka!
Pocetak izvrsavanja mogodb.py
2013-12-03 17:31:14.048211
Zavrsetak izvodenja skripte mongodb.py
Spremljeno u bazu :
1318
podataka!
Pocetak izvrsavanja mogodb.py
2013-12-03 20:31:10.541893
Zavrsetak izvodenja skripte mongodb.py
Spremljeno u bazu :
1318
podataka!
Pocetak izvrsavanja mogodb.py
2013-12-03 22:31:05.549732
Zavrsetak izvodenja skripte mongodb.py
Spremljeno u bazu :
1319
podataka!
Pocetak izvrsavanja mogodb.py
2013-12-04 01:31:12.898075
Zavrsetak izvodenja skripte mongodb.py
Spremljeno u bazu :
1313
podataka!
Pocetak izvrsavanja mogodb.py
2013-12-04 04:31:18.892844
Zavrsetak izvodenja skripte mongodb.py
Spremljeno u bazu :
1317
podataka!
Pocetak izvrsavanja mogodb.py
2013-12-04 08:31:22.578064
Zavrsetak izvodenja skripte mongodb.py
Spremljeno u bazu :
1334
podataka!
Pocetak izvrsavanja mogodb.py
2013-12-04 13:31:14.899505
Zavrsetak izvodenja skripte mongodb.py
Spremljeno u bazu :
1337
podataka!
Pocetak izvrsavanja mogodb.py
2013-12-04 17:31:39.677790
Zavrsetak izvodenja skripte mongodb.py
Spremljeno u bazu :
1328
podataka!
Pocetak izvrsavanja mogodb.py
2013-12-04 20:31:17.143567
Zavrsetak izvodenja skripte mongodb.py
Spremljeno u bazu :
1328
podataka!
Pocetak izvrsavanja mogodb.py
2013-12-04 22:31:05.308106
Zavrsetak izvodenja skripte mongodb.py
Spremljeno u bazu :
1328
podataka!
Pocetak izvrsavanja mogodb.py
2013-12-05 01:31:11.165579
Zavrsetak izvodenja skripte mongodb.py
Spremljeno u bazu :
1339
podataka!
Pocetak izvrsavanja mogodb.py
2013-12-05 04:31:15.372067
Zavrsetak izvodenja skripte mongodb.py
Spremljeno u bazu :
1335
podataka!
Pocetak izvrsavanja mogodb.py
2013-12-05 08:31:26.035400
Zavrsetak izvodenja skripte mongodb.py
Spremljeno u bazu :
1342
podataka!
Pocetak izvrsavanja mogodb.py
2013-12-05 13:31:06.531652
Zavrsetak izvodenja skripte mongodb.py
Spremljeno u bazu :
1345
podataka!
Pocetak izvrsavanja mogodb.py
2013-12-05 17:31:05.843437
Zavrsetak izvodenja skripte mongodb.py
Spremljeno u bazu :
1341
podataka!
Pocetak izvrsavanja mogodb.py
2013-12-05 20:31:09.143121
Zavrsetak izvodenja skripte mongodb.py
Spremljeno u bazu :
1338
podataka!
Pocetak izvrsavanja mogodb.py
2013-12-05 22:31:16.079613
Zavrsetak izvodenja skripte mongodb.py
Spremljeno u bazu :
1339
podataka!
Pocetak izvrsavanja mogodb.py
2013-12-06 01:31:23.385250
Zavrsetak izvodenja skripte mongodb.py
Spremljeno u bazu :
1345
podataka!
Pocetak izvrsavanja mogodb.py
2013-12-06 04:31:14.126302
Zavrsetak izvodenja skripte mongodb.py
Spremljeno u bazu :
1357
podataka!
Pocetak izvrsavanja mogodb.py
2013-12-06 08:31:16.564863
Zavrsetak izvodenja skripte mongodb.py
Spremljeno u bazu :
1364
podataka!
Pocetak izvrsavanja mogodb.py
2013-12-06 13:31:05.910220
Zavrsetak izvodenja skripte mongodb.py
Spremljeno u bazu :
1366
podataka!
Pocetak izvrsavanja mogodb.py
2013-12-06 17:31:01.941437
Zavrsetak izvodenja skripte mongodb.py
Spremljeno u bazu :
1363
podataka!
Pocetak izvrsavanja mogodb.py
2013-12-06 20:31:05.637848
Zavrsetak izvodenja skripte mongodb.py
Spremljeno u bazu :
1363
podataka!
Pocetak izvrsavanja mogodb.py
2013-12-06 22:31:13.798801
Zavrsetak izvodenja skripte mongodb.py
Spremljeno u bazu :
1363
podataka!
Pocetak izvrsavanja mogodb.py
2013-12-07 01:31:10.400444
Zavrsetak izvodenja skripte mongodb.py
Spremljeno u bazu :
1364
podataka!
Pocetak izvrsavanja mogodb.py
2013-12-07 04:31:05.508279
Zavrsetak izvodenja skripte mongodb.py
Spremljeno u bazu :
1365
podataka!
Pocetak izvrsavanja mogodb.py
2013-12-07 08:31:02.906511
Zavrsetak izvodenja skripte mongodb.py
Spremljeno u bazu :
1365
podataka!
Pocetak izvrsavanja mogodb.py
2013-12-07 13:31:10.303245
Zavrsetak izvodenja skripte mongodb.py
Spremljeno u bazu :
1366
podataka!
Pocetak izvrsavanja mogodb.py
2013-12-07 17:31:04.487390
Zavrsetak izvodenja skripte mongodb.py
Spremljeno u bazu :
979
podataka!
Pocetak izvrsavanja mogodb.py
2013-12-07 20:31:09.088307
Zavrsetak izvodenja skripte mongodb.py
Spremljeno u bazu :
1352
podataka!
Pocetak izvrsavanja mogodb.py
2013-12-07 22:31:13.446140
Zavrsetak izvodenja skripte mongodb.py
Spremljeno u bazu :
1356
podataka!
Pocetak izvrsavanja mogodb.py
2013-12-08 01:31:04.719778
Zavrsetak izvodenja skripte mongodb.py
Spremljeno u bazu :
1356
podataka!
Pocetak izvrsavanja mogodb.py
2013-12-08 04:31:05.405314
Zavrsetak izvodenja skripte mongodb.py
Spremljeno u bazu :
1357
podataka!
Pocetak izvrsavanja mogodb.py
2013-12-08 08:31:06.899394
Zavrsetak izvodenja skripte mongodb.py
Spremljeno u bazu :
1358
podataka!
Pocetak izvrsavanja mogodb.py
2013-12-08 13:31:13.841087
Zavrsetak izvodenja skripte mongodb.py
Spremljeno u bazu :
1360
podataka!
Pocetak izvrsavanja mogodb.py
2013-12-08 17:31:49.668017
Zavrsetak izvodenja skripte mongodb.py
Spremljeno u bazu :
1366
podataka!
Pocetak izvrsavanja mogodb.py
2013-12-08 20:31:17.808354
Zavrsetak izvodenja skripte mongodb.py
Spremljeno u bazu :
1366
podataka!
Pocetak izvrsavanja mogodb.py
2013-12-08 22:31:07.734016
Zavrsetak izvodenja skripte mongodb.py
Spremljeno u bazu :
1366
podataka!
Pocetak izvrsavanja mogodb.py
2013-12-09 01:31:11.483155
Zavrsetak izvodenja skripte mongodb.py
Spremljeno u bazu :
1363
podataka!
Pocetak izvrsavanja mogodb.py
2013-12-09 04:31:15.776516
Zavrsetak izvodenja skripte mongodb.py
Spremljeno u bazu :
1365
podataka!
Pocetak izvrsavanja mogodb.py
2013-12-09 08:31:31.377153
Zavrsetak izvodenja skripte mongodb.py
Spremljeno u bazu :
1368
podataka!
Pocetak izvrsavanja mogodb.py
2013-12-09 13:31:13.983716
Zavrsetak izvodenja skripte mongodb.py
Spremljeno u bazu :
1368
podataka!
Pocetak izvrsavanja mogodb.py
2013-12-09 17:31:44.012737
Zavrsetak izvodenja skripte mongodb.py
Spremljeno u bazu :
1361
podataka!
Pocetak izvrsavanja mogodb.py
2013-12-09 20:31:11.216281
Zavrsetak izvodenja skripte mongodb.py
Spremljeno u bazu :
1361
podataka!
Pocetak izvrsavanja mogodb.py
2013-12-09 22:31:02.928697
Zavrsetak izvodenja skripte mongodb.py
Spremljeno u bazu :
1362
podataka!
Pocetak izvrsavanja mogodb.py
2013-12-10 01:31:22.278125
Zavrsetak izvodenja skripte mongodb.py
Spremljeno u bazu :
1375
podataka!
Pocetak izvrsavanja mogodb.py
2013-12-10 04:31:11.762912
Zavrsetak izvodenja skripte mongodb.py
Spremljeno u bazu :
1378
podataka!
Pocetak izvrsavanja mogodb.py
2013-12-10 08:31:30.107933
Zavrsetak izvodenja skripte mongodb.py
Spremljeno u bazu :
1383
podataka!
Pocetak izvrsavanja mogodb.py
2013-12-10 13:31:22.093642
Zavrsetak izvodenja skripte mongodb.py
Spremljeno u bazu :
1380
podataka!
Pocetak izvrsavanja mogodb.py
2013-12-10 17:31:05.386328
Zavrsetak izvodenja skripte mongodb.py
Spremljeno u bazu :
1376
podataka!
Pocetak izvrsavanja mogodb.py
2013-12-10 20:31:06.839626
Zavrsetak izvodenja skripte mongodb.py
Spremljeno u bazu :
1376
podataka!
Pocetak izvrsavanja mogodb.py
2013-12-10 22:31:05.064337
Zavrsetak izvodenja skripte mongodb.py
Spremljeno u bazu :
1378
podataka!
Pocetak izvrsavanja mogodb.py
2013-12-11 01:31:19.655700
Zavrsetak izvodenja skripte mongodb.py
Spremljeno u bazu :
1378
podataka!
Pocetak izvrsavanja mogodb.py
2013-12-11 04:31:11.617850
Zavrsetak izvodenja skripte mongodb.py
Spremljeno u bazu :
1382
podataka!
Pocetak izvrsavanja mogodb.py
2013-12-11 08:31:08.871755
Zavrsetak izvodenja skripte mongodb.py
Spremljeno u bazu :
1385
podataka!
Pocetak izvrsavanja mogodb.py
2013-12-11 13:31:18.664199
Pocetak izvrsavanja mogodb.py
2013-12-11 17:31:08.266537
Pocetak izvrsavanja mogodb.py
2013-12-11 20:31:09.645243
Pocetak izvrsavanja mogodb.py
2013-12-11 22:31:05.910509
Pocetak izvrsavanja mogodb.py
2013-12-12 01:31:10.405899
Pocetak izvrsavanja mogodb.py
2013-12-12 04:31:13.931237
Zavrsetak izvodenja skripte mongodb.py
Spremljeno u bazu :
1384
podataka!
Pocetak izvrsavanja mogodb.py
2013-12-12 08:31:22.267602
Zavrsetak izvodenja skripte mongodb.py
Spremljeno u bazu :
1388
podataka!
Pocetak izvrsavanja mogodb.py
2013-12-12 13:31:18.910096
Zavrsetak izvodenja skripte mongodb.py
Spremljeno u bazu :
1392
podataka!
Pocetak izvrsavanja mogodb.py
2013-12-12 17:31:12.521375
Zavrsetak izvodenja skripte mongodb.py
Spremljeno u bazu :
1378
podataka!
Pocetak izvrsavanja mogodb.py
2013-12-12 20:31:03.821801
Zavrsetak izvodenja skripte mongodb.py
Spremljeno u bazu :
1383
podataka!
Pocetak izvrsavanja mogodb.py
2013-12-12 22:30:59.610649
Zavrsetak izvodenja skripte mongodb.py
Spremljeno u bazu :
1383
podataka!
Pocetak izvrsavanja mogodb.py
2013-12-13 01:31:10.326391
Zavrsetak izvodenja skripte mongodb.py
Spremljeno u bazu :
1382
podataka!
Pocetak izvrsavanja mogodb.py
2013-12-13 04:31:11.103231
Zavrsetak izvodenja skripte mongodb.py
Spremljeno u bazu :
1387
podataka!
Pocetak izvrsavanja mogodb.py
2013-12-13 08:31:19.698546
Zavrsetak izvodenja skripte mongodb.py
Spremljeno u bazu :
1393
podataka!
Pocetak izvrsavanja mogodb.py
2013-12-13 13:31:03.197690
Zavrsetak izvodenja skripte mongodb.py
Spremljeno u bazu :
1398
podataka!
Pocetak izvrsavanja mogodb.py
2013-12-13 17:31:09.816736
Zavrsetak izvodenja skripte mongodb.py
Spremljeno u bazu :
1386
podataka!
Pocetak izvrsavanja mogodb.py
2013-12-13 20:31:06.770640
Zavrsetak izvodenja skripte mongodb.py
Spremljeno u bazu :
1386
podataka!
Pocetak izvrsavanja mogodb.py
2013-12-13 22:31:11.625849
Zavrsetak izvodenja skripte mongodb.py
Spremljeno u bazu :
1387
podataka!
Pocetak izvrsavanja mogodb.py
2013-12-14 01:31:11.478700
Zavrsetak izvodenja skripte mongodb.py
Spremljeno u bazu :
1389
podataka!
Pocetak izvrsavanja mogodb.py
2013-12-14 04:31:14.905821
Zavrsetak izvodenja skripte mongodb.py
Spremljeno u bazu :
1390
podataka!
Pocetak izvrsavanja mogodb.py
2013-12-14 08:31:25.275535
Zavrsetak izvodenja skripte mongodb.py
Spremljeno u bazu :
1387
podataka!
Pocetak izvrsavanja mogodb.py
2013-12-14 13:31:06.559540
Zavrsetak izvodenja skripte mongodb.py
Spremljeno u bazu :
1387
podataka!
Pocetak izvrsavanja mogodb.py
2013-12-14 17:31:16.143851
Zavrsetak izvodenja skripte mongodb.py
Spremljeno u bazu :
1364
podataka!
Pocetak izvrsavanja mogodb.py
2013-12-14 20:31:05.699546
Zavrsetak izvodenja skripte mongodb.py
Spremljeno u bazu :
1364
podataka!
Pocetak izvrsavanja mogodb.py
2013-12-14 22:31:13.468472
Zavrsetak izvodenja skripte mongodb.py
Spremljeno u bazu :
1365
podataka!
Pocetak izvrsavanja mogodb.py
2013-12-15 01:31:06.075569
Zavrsetak izvodenja skripte mongodb.py
Spremljeno u bazu :
1367
podataka!
Pocetak izvrsavanja mogodb.py
2013-12-15 04:31:06.069690
Zavrsetak izvodenja skripte mongodb.py
Spremljeno u bazu :
1369
podataka!
Pocetak izvrsavanja mogodb.py
2013-12-15 08:31:05.958196
Zavrsetak izvodenja skripte mongodb.py
Spremljeno u bazu :
1369
podataka!
Pocetak izvrsavanja mogodb.py
2013-12-15 13:31:05.613853
Zavrsetak izvodenja skripte mongodb.py
Spremljeno u bazu :
1369
podataka!
Pocetak izvrsavanja mogodb.py
2013-12-15 14:20:36.021826
Zavrsetak izvodenja skripte mongodb.py
Spremljeno u bazu :
1522
podataka!
Pocetak izvrsavanja mogodb.py
2013-12-15 14:24:16.922662
Zavrsetak izvodenja skripte mongodb.py
Spremljeno u bazu :
1522
podataka!
Pocetak izvrsavanja mogodb.py
2013-12-15 14:27:53.497506
Zavrsetak izvodenja skripte mongodb.py
Spremljeno u bazu :
1522
podataka!
Pocetak izvrsavanja mogodb.py
2013-12-15 14:29:55.331156
Zavrsetak izvodenja skripte mongodb.py
Spremljeno u bazu :
1522
podataka!
Pocetak izvrsavanja mogodb.py
2013-12-15 14:31:23.544310
Zavrsetak izvodenja skripte mongodb.py
Spremljeno u bazu :
1522
podataka!
Pocetak izvrsavanja mogodb.py
2013-12-15 17:31:13.797559
Pocetak izvrsavanja mogodb.py
2013-12-15 20:31:13.384154
Pocetak izvrsavanja mogodb.py
2013-12-15 22:31:02.998405
Pocetak izvrsavanja mogodb.py
2013-12-16 01:31:11.403091
Pocetak izvrsavanja mogodb.py
2013-12-16 04:31:45.850823
Pocetak izvrsavanja mogodb.py
2013-12-16 08:31:33.819503
Pocetak izvrsavanja mogodb.py
2013-12-16 13:31:11.319632
Pocetak izvrsavanja mogodb.py
2013-12-16 17:31:05.042527
Pocetak izvrsavanja mogodb.py
2013-12-16 20:31:10.947610
Pocetak izvrsavanja mogodb.py
2013-12-16 22:31:10.692636
Pocetak izvrsavanja mogodb.py
2013-12-17 01:31:06.097481
Pocetak izvrsavanja mogodb.py
2013-12-17 04:31:36.400893
Pocetak izvrsavanja mogodb.py
2013-12-17 08:31:15.769195
Pocetak izvrsavanja mogodb.py
2013-12-17 13:31:05.812304
Pocetak izvrsavanja mogodb.py
2013-12-17 17:31:13.254599
Pocetak izvrsavanja mogodb.py
2013-12-17 20:31:00.277505
Pocetak izvrsavanja mogodb.py
2013-12-17 22:31:01.570245
Pocetak izvrsavanja mogodb.py
2013-12-18 01:31:18.644692
Pocetak izvrsavanja mogodb.py
2013-12-18 04:31:10.200300
Pocetak izvrsavanja mogodb.py
2013-12-18 08:31:18.625570
Pocetak izvrsavanja mogodb.py
2013-12-18 13:31:19.985776
Pocetak izvrsavanja mogodb.py
2013-12-18 17:31:11.566214
Pocetak izvrsavanja mogodb.py
2013-12-18 20:31:34.776893
Pocetak izvrsavanja mogodb.py
2013-12-18 22:31:13.809604
Pocetak izvrsavanja mogodb.py
2013-12-19 01:31:17.767402
Pocetak izvrsavanja mogodb.py
2013-12-19 04:31:27.957186
Pocetak izvrsavanja mogodb.py
2013-12-19 06:59:42.893851
Pocetak izvrsavanja mogodb.py
2013-12-19 07:05:34.998862
Pocetak izvrsavanja mogodb.py
2013-12-19 07:16:10.667769
Zavrsetak izvodenja skripte mongodb.py
Spremljeno u bazu :
1524
podataka!
Pocetak izvrsavanja mogodb.py
2013-12-19 08:31:41.725901
Zavrsetak izvodenja skripte mongodb.py
Spremljeno u bazu :
1524
podataka!
Pocetak izvrsavanja mogodb.py
2013-12-19 13:31:19.823240
Zavrsetak izvodenja skripte mongodb.py
Spremljeno u bazu :
1527
podataka!
Pocetak izvrsavanja mogodb.py
2013-12-19 17:32:00.131465
Zavrsetak izvodenja skripte mongodb.py
Spremljeno u bazu :
1524
podataka!
Pocetak izvrsavanja mogodb.py
2013-12-19 20:31:23.207461
Zavrsetak izvodenja skripte mongodb.py
Spremljeno u bazu :
1524
podataka!
Pocetak izvrsavanja mogodb.py
2013-12-19 22:31:16.283074
Zavrsetak izvodenja skripte mongodb.py
Spremljeno u bazu :
1527
podataka!
Pocetak izvrsavanja mogodb.py
2013-12-20 01:31:16.175113
Zavrsetak izvodenja skripte mongodb.py
Spremljeno u bazu :
1527
podataka!
Pocetak izvrsavanja mogodb.py
2013-12-20 04:31:34.733442
Zavrsetak izvodenja skripte mongodb.py
Spremljeno u bazu :
1525
podataka!
Pocetak izvrsavanja mogodb.py
2013-12-20 08:31:26.830069
Zavrsetak izvodenja skripte mongodb.py
Spremljeno u bazu :
1527
podataka!
Pocetak izvrsavanja mogodb.py
2013-12-20 10:09:21.997567
Zavrsetak izvodenja skripte mongodb.py
Spremljeno u bazu :
1528
podataka!
Pocetak izvrsavanja mogodb.py
2013-12-20 13:31:17.753076
Zavrsetak izvodenja skripte mongodb.py
Spremljeno u bazu :
1527
podataka!
Pocetak izvrsavanja mogodb.py
2013-12-20 17:31:18.109451
Zavrsetak izvodenja skripte mongodb.py
Spremljeno u bazu :
1508
podataka!
Pocetak izvrsavanja mogodb.py
2013-12-20 20:31:23.477093
Zavrsetak izvodenja skripte mongodb.py
Spremljeno u bazu :
1508
podataka!
Pocetak izvrsavanja mogodb.py
2013-12-20 22:31:21.844560
Zavrsetak izvodenja skripte mongodb.py
Spremljeno u bazu :
1508
podataka!
Pocetak izvrsavanja mogodb.py
2013-12-21 01:31:18.390458
Zavrsetak izvodenja skripte mongodb.py
Spremljeno u bazu :
1508
podataka!
Pocetak izvrsavanja mogodb.py
2013-12-21 04:31:25.630511
Zavrsetak izvodenja skripte mongodb.py
Spremljeno u bazu :
1508
podataka!
Pocetak izvrsavanja mogodb.py
2013-12-21 08:31:25.301044
Zavrsetak izvodenja skripte mongodb.py
Spremljeno u bazu :
1508
podataka!
Pocetak izvrsavanja mogodb.py
2013-12-21 13:31:23.153464
Zavrsetak izvodenja skripte mongodb.py
Spremljeno u bazu :
1509
podataka!
Pocetak izvrsavanja mogodb.py
2013-12-21 17:31:23.447198
Zavrsetak izvodenja skripte mongodb.py
Spremljeno u bazu :
1498
podataka!
Pocetak izvrsavanja mogodb.py
2013-12-21 20:31:32.316724
Zavrsetak izvodenja skripte mongodb.py
Spremljeno u bazu :
1498
podataka!
Pocetak izvrsavanja mogodb.py
2013-12-21 22:31:29.195326
Zavrsetak izvodenja skripte mongodb.py
Spremljeno u bazu :
1498
podataka!
Pocetak izvrsavanja mogodb.py
2013-12-22 01:31:20.604457
Zavrsetak izvodenja skripte mongodb.py
Spremljeno u bazu :
1498
podataka!
Pocetak izvrsavanja mogodb.py
2013-12-22 04:31:18.296674
Zavrsetak izvodenja skripte mongodb.py
Spremljeno u bazu :
1502
podataka!
Pocetak izvrsavanja mogodb.py
2013-12-22 08:31:20.990770
Zavrsetak izvodenja skripte mongodb.py
Spremljeno u bazu :
1504
podataka!
Pocetak izvrsavanja mogodb.py
2013-12-22 13:31:23.377902
Zavrsetak izvodenja skripte mongodb.py
Spremljeno u bazu :
1506
podataka!
Pocetak izvrsavanja mogodb.py
2013-12-22 17:31:15.606163
Zavrsetak izvodenja skripte mongodb.py
Spremljeno u bazu :
1510
podataka!
Pocetak izvrsavanja mogodb.py
2013-12-22 20:31:20.006558
Zavrsetak izvodenja skripte mongodb.py
Spremljeno u bazu :
1510
podataka!
Pocetak izvrsavanja mogodb.py
2013-12-22 22:31:19.111465
Zavrsetak izvodenja skripte mongodb.py
Spremljeno u bazu :
1511
podataka!
Pocetak izvrsavanja mogodb.py
2013-12-23 01:31:13.017047
Zavrsetak izvodenja skripte mongodb.py
Spremljeno u bazu :
1511
podataka!
Pocetak izvrsavanja mogodb.py
2013-12-23 04:31:36.524285
Zavrsetak izvodenja skripte mongodb.py
Spremljeno u bazu :
1520
podataka!
Pocetak izvrsavanja mogodb.py
2013-12-23 08:31:29.749977
Zavrsetak izvodenja skripte mongodb.py
Spremljeno u bazu :
1523
podataka!
Pocetak izvrsavanja mogodb.py
2013-12-23 13:31:17.096217
Zavrsetak izvodenja skripte mongodb.py
Spremljeno u bazu :
1527
podataka!
Pocetak izvrsavanja mogodb.py
2013-12-23 17:31:39.151947
Zavrsetak izvodenja skripte mongodb.py
Spremljeno u bazu :
1506
podataka!
Pocetak izvrsavanja mogodb.py
2013-12-23 20:31:22.613974
Zavrsetak izvodenja skripte mongodb.py
Spremljeno u bazu :
1506
podataka!
Pocetak izvrsavanja mogodb.py
2013-12-23 22:31:42.444405
Zavrsetak izvodenja skripte mongodb.py
Spremljeno u bazu :
1506
podataka!
Pocetak izvrsavanja mogodb.py
2013-12-24 01:31:18.314961
Zavrsetak izvodenja skripte mongodb.py
Spremljeno u bazu :
1515
podataka!
Pocetak izvrsavanja mogodb.py
2013-12-24 04:31:24.002758
Zavrsetak izvodenja skripte mongodb.py
Spremljeno u bazu :
1515
podataka!
Pocetak izvrsavanja mogodb.py
2013-12-24 08:31:20.536011
Pocetak izvrsavanja mogodb.py
2013-12-24 13:31:14.079268
Pocetak izvrsavanja mogodb.py
2013-12-24 17:31:18.503494
Pocetak izvrsavanja mogodb.py
2013-12-24 20:31:11.223436
Pocetak izvrsavanja mogodb.py
2013-12-24 22:31:18.304687
Pocetak izvrsavanja mogodb.py
2013-12-25 01:31:14.699980
Pocetak izvrsavanja mogodb.py
2013-12-25 04:31:13.521038
Pocetak izvrsavanja mogodb.py
2013-12-25 08:31:14.570694
Pocetak izvrsavanja mogodb.py
2013-12-25 13:31:13.934042
Zavrsetak izvodenja skripte mongodb.py
Spremljeno u bazu :
1505
podataka!
Pocetak izvrsavanja mogodb.py
2013-12-25 17:31:12.356040
Zavrsetak izvodenja skripte mongodb.py
Spremljeno u bazu :
1470
podataka!
Pocetak izvrsavanja mogodb.py
2013-12-25 20:31:08.989633
Zavrsetak izvodenja skripte mongodb.py
Spremljeno u bazu :
1481
podataka!
Pocetak izvrsavanja mogodb.py
2013-12-25 22:31:17.028862
Zavrsetak izvodenja skripte mongodb.py
Spremljeno u bazu :
1481
podataka!
Pocetak izvrsavanja mogodb.py
2013-12-26 01:31:14.087602
Zavrsetak izvodenja skripte mongodb.py
Spremljeno u bazu :
1485
podataka!
Pocetak izvrsavanja mogodb.py
2013-12-26 04:31:10.922325
Zavrsetak izvodenja skripte mongodb.py
Spremljeno u bazu :
1484
podataka!
Pocetak izvrsavanja mogodb.py
2013-12-26 08:31:15.615240
Zavrsetak izvodenja skripte mongodb.py
Spremljeno u bazu :
1483
podataka!
Pocetak izvrsavanja mogodb.py
2013-12-26 13:31:14.058385
Zavrsetak izvodenja skripte mongodb.py
Spremljeno u bazu :
1484
podataka!
Pocetak izvrsavanja mogodb.py
2013-12-26 17:31:19.966000
Zavrsetak izvodenja skripte mongodb.py
Spremljeno u bazu :
1474
podataka!
Pocetak izvrsavanja mogodb.py
2013-12-26 20:31:29.526475
Zavrsetak izvodenja skripte mongodb.py
Spremljeno u bazu :
1474
podataka!
Pocetak izvrsavanja mogodb.py
2013-12-26 22:31:11.684560
Zavrsetak izvodenja skripte mongodb.py
Spremljeno u bazu :
1477
podataka!
Pocetak izvrsavanja mogodb.py
2013-12-27 01:31:21.605873
Zavrsetak izvodenja skripte mongodb.py
Spremljeno u bazu :
1467
podataka!
Pocetak izvrsavanja mogodb.py
2013-12-27 04:31:18.727009
Zavrsetak izvodenja skripte mongodb.py
Spremljeno u bazu :
1466
podataka!
Pocetak izvrsavanja mogodb.py
2013-12-27 08:31:17.645792
Zavrsetak izvodenja skripte mongodb.py
Spremljeno u bazu :
1467
podataka!
Pocetak izvrsavanja mogodb.py
2013-12-27 13:31:14.726740
Zavrsetak izvodenja skripte mongodb.py
Spremljeno u bazu :
1467
podataka!
Pocetak izvrsavanja mogodb.py
2013-12-27 17:31:20.396758
Zavrsetak izvodenja skripte mongodb.py
Spremljeno u bazu :
1448
podataka!
Pocetak izvrsavanja mogodb.py
2013-12-27 20:31:19.664544
Zavrsetak izvodenja skripte mongodb.py
Spremljeno u bazu :
1448
podataka!
Pocetak izvrsavanja mogodb.py
2013-12-27 22:31:22.550140
Zavrsetak izvodenja skripte mongodb.py
Spremljeno u bazu :
1450
podataka!
Pocetak izvrsavanja mogodb.py
2013-12-28 01:31:06.596090
Zavrsetak izvodenja skripte mongodb.py
Spremljeno u bazu :
1457
podataka!
Pocetak izvrsavanja mogodb.py
2013-12-28 04:31:16.810492
Zavrsetak izvodenja skripte mongodb.py
Spremljeno u bazu :
1457
podataka!
Pocetak izvrsavanja mogodb.py
2013-12-28 08:31:13.788868
Zavrsetak izvodenja skripte mongodb.py
Spremljeno u bazu :
1459
podataka!
Pocetak izvrsavanja mogodb.py
2013-12-28 13:31:14.576910
Zavrsetak izvodenja skripte mongodb.py
Spremljeno u bazu :
1459
podataka!
Pocetak izvrsavanja mogodb.py
2013-12-28 17:31:17.860371
Zavrsetak izvodenja skripte mongodb.py
Spremljeno u bazu :
1444
podataka!
Pocetak izvrsavanja mogodb.py
2013-12-28 20:31:17.048559
Zavrsetak izvodenja skripte mongodb.py
Spremljeno u bazu :
1443
podataka!
Pocetak izvrsavanja mogodb.py
2013-12-28 22:31:16.171422
Zavrsetak izvodenja skripte mongodb.py
Spremljeno u bazu :
1444
podataka!
Pocetak izvrsavanja mogodb.py
2013-12-29 01:31:11.254502
Zavrsetak izvodenja skripte mongodb.py
Spremljeno u bazu :
1444
podataka!
Pocetak izvrsavanja mogodb.py
2013-12-29 04:31:18.929140
Zavrsetak izvodenja skripte mongodb.py
Spremljeno u bazu :
1445
podataka!
Pocetak izvrsavanja mogodb.py
2013-12-29 08:31:15.913025
Zavrsetak izvodenja skripte mongodb.py
Spremljeno u bazu :
1447
podataka!
Pocetak izvrsavanja mogodb.py
2013-12-29 13:31:17.440033
Zavrsetak izvodenja skripte mongodb.py
Spremljeno u bazu :
1450
podataka!
Pocetak izvrsavanja mogodb.py
2013-12-29 17:31:18.347931
Zavrsetak izvodenja skripte mongodb.py
Spremljeno u bazu :
1432
podataka!
Pocetak izvrsavanja mogodb.py
2013-12-29 20:31:13.693652
Zavrsetak izvodenja skripte mongodb.py
Spremljeno u bazu :
1431
podataka!
Pocetak izvrsavanja mogodb.py
2013-12-29 22:31:10.874607
Zavrsetak izvodenja skripte mongodb.py
Spremljeno u bazu :
1432
podataka!
Pocetak izvrsavanja mogodb.py
2013-12-30 01:31:17.068421
Zavrsetak izvodenja skripte mongodb.py
Spremljeno u bazu :
1411
podataka!
Pocetak izvrsavanja mogodb.py
2013-12-30 04:31:12.660914
Zavrsetak izvodenja skripte mongodb.py
Spremljeno u bazu :
1412
podataka!
Pocetak izvrsavanja mogodb.py
2013-12-30 06:58:34.586707
Pocetak izvrsavanja mogodb.py
2013-12-30 07:03:10.474384
Zavrsetak izvodenja skripte mongodb.py
Spremljeno u bazu :
1415
podataka!
Pocetak izvrsavanja mogodb.py
2013-12-30 08:31:34.823204
Zavrsetak izvodenja skripte mongodb.py
Spremljeno u bazu :
1415
podataka!
Pocetak izvrsavanja mogodb.py
2013-12-30 13:31:14.139536
Zavrsetak izvodenja skripte mongodb.py
Spremljeno u bazu :
1414
podataka!
Pocetak izvrsavanja mogodb.py
2013-12-30 17:31:12.968306
Zavrsetak izvodenja skripte mongodb.py
Spremljeno u bazu :
1402
podataka!
Pocetak izvrsavanja mogodb.py
2013-12-30 20:31:23.699195
Zavrsetak izvodenja skripte mongodb.py
Spremljeno u bazu :
1402
podataka!
Pocetak izvrsavanja mogodb.py
2013-12-30 22:31:22.660574
Zavrsetak izvodenja skripte mongodb.py
Spremljeno u bazu :
1403
podataka!
Pocetak izvrsavanja mogodb.py
2013-12-31 01:31:16.457270
Zavrsetak izvodenja skripte mongodb.py
Spremljeno u bazu :
1402
podataka!
Pocetak izvrsavanja mogodb.py
2013-12-31 04:31:18.837942
Zavrsetak izvodenja skripte mongodb.py
Spremljeno u bazu :
1403
podataka!
Pocetak izvrsavanja mogodb.py
2013-12-31 08:40:13.296231
Zavrsetak izvodenja skripte mongodb.py
Spremljeno u bazu :
1241
podataka!
Pocetak izvrsavanja mogodb.py
2013-12-31 13:31:27.883668
Zavrsetak izvodenja skripte mongodb.py
Spremljeno u bazu :
1407
podataka!
Pocetak izvrsavanja mogodb.py
2013-12-31 17:31:22.537552
Zavrsetak izvodenja skripte mongodb.py
Spremljeno u bazu :
1394
podataka!
Pocetak izvrsavanja mogodb.py
2013-12-31 20:31:29.697285
Zavrsetak izvodenja skripte mongodb.py
Spremljeno u bazu :
1394
podataka!
Pocetak izvrsavanja mogodb.py
2013-12-31 22:31:07.372004
Zavrsetak izvodenja skripte mongodb.py
Spremljeno u bazu :
1394
podataka!
Pocetak izvrsavanja mogodb.py
2014-01-01 01:31:13.032483
Zavrsetak izvodenja skripte mongodb.py
Spremljeno u bazu :
1396
podataka!
Pocetak izvrsavanja mogodb.py
2014-01-01 04:31:12.937914
Zavrsetak izvodenja skripte mongodb.py
Spremljeno u bazu :
1396
podataka!
Pocetak izvrsavanja mogodb.py
2014-01-01 08:31:17.720762
Zavrsetak izvodenja skripte mongodb.py
Spremljeno u bazu :
1396
podataka!
Pocetak izvrsavanja mogodb.py
2014-01-01 13:31:18.640775
Zavrsetak izvodenja skripte mongodb.py
Spremljeno u bazu :
1396
podataka!
Pocetak izvrsavanja mogodb.py
2014-01-01 17:31:17.374185
Zavrsetak izvodenja skripte mongodb.py
Spremljeno u bazu :
1391
podataka!
Pocetak izvrsavanja mogodb.py
2014-01-01 20:31:21.218225
Zavrsetak izvodenja skripte mongodb.py
Spremljeno u bazu :
1394
podataka!
Pocetak izvrsavanja mogodb.py
2014-01-01 22:31:08.498577
Zavrsetak izvodenja skripte mongodb.py
Spremljeno u bazu :
1395
podataka!
Pocetak izvrsavanja mogodb.py
2014-01-02 01:31:25.276476
Zavrsetak izvodenja skripte mongodb.py
Spremljeno u bazu :
1396
podataka!
Pocetak izvrsavanja mogodb.py
2014-01-02 04:31:16.100301
Zavrsetak izvodenja skripte mongodb.py
Spremljeno u bazu :
1377
podataka!
Pocetak izvrsavanja mogodb.py
2014-01-02 08:31:26.008798
Zavrsetak izvodenja skripte mongodb.py
Spremljeno u bazu :
1372
podataka!
Pocetak izvrsavanja mogodb.py
2014-01-02 13:31:16.143318
Zavrsetak izvodenja skripte mongodb.py
Spremljeno u bazu :
1374
podataka!
Pocetak izvrsavanja mogodb.py
2014-01-02 17:31:11.353834
Zavrsetak izvodenja skripte mongodb.py
Spremljeno u bazu :
1365
podataka!
Pocetak izvrsavanja mogodb.py
2014-01-02 20:31:20.697108
Zavrsetak izvodenja skripte mongodb.py
Spremljeno u bazu :
1365
podataka!
Pocetak izvrsavanja mogodb.py
2014-01-02 22:32:54.699097
Zavrsetak izvodenja skripte mongodb.py
Spremljeno u bazu :
1366
podataka!
Pocetak izvrsavanja mogodb.py
2014-01-03 01:31:14.454445
Zavrsetak izvodenja skripte mongodb.py
Spremljeno u bazu :
1362
podataka!
Pocetak izvrsavanja mogodb.py
2014-01-03 04:31:19.513500
Zavrsetak izvodenja skripte mongodb.py
Spremljeno u bazu :
1369
podataka!
Pocetak izvrsavanja mogodb.py
2014-01-03 08:31:22.045298
Zavrsetak izvodenja skripte mongodb.py
Spremljeno u bazu :
1370
podataka!
Pocetak izvrsavanja mogodb.py
2014-01-03 13:31:20.730572
Zavrsetak izvodenja skripte mongodb.py
Spremljeno u bazu :
1368
podataka!
Pocetak izvrsavanja mogodb.py
2014-01-03 17:31:23.285227
Zavrsetak izvodenja skripte mongodb.py
Spremljeno u bazu :
1354
podataka!
Pocetak izvrsavanja mogodb.py
2014-01-03 20:31:14.122615
Zavrsetak izvodenja skripte mongodb.py
Spremljeno u bazu :
1354
podataka!
Pocetak izvrsavanja mogodb.py
2014-01-03 22:31:09.439114
Zavrsetak izvodenja skripte mongodb.py
Spremljeno u bazu :
1356
podataka!
Pocetak izvrsavanja mogodb.py
2014-01-04 01:31:20.041646
Zavrsetak izvodenja skripte mongodb.py
Spremljeno u bazu :
1357
podataka!
Pocetak izvrsavanja mogodb.py
2014-01-04 04:31:16.617452
Zavrsetak izvodenja skripte mongodb.py
Spremljeno u bazu :
1360
podataka!
Pocetak izvrsavanja mogodb.py
2014-01-04 08:31:17.064805
Zavrsetak izvodenja skripte mongodb.py
Spremljeno u bazu :
1361
podataka!
Pocetak izvrsavanja mogodb.py
2014-01-04 13:31:11.799263
Zavrsetak izvodenja skripte mongodb.py
Spremljeno u bazu :
1362
podataka!
Pocetak izvrsavanja mogodb.py
2014-01-04 17:31:16.619842
Zavrsetak izvodenja skripte mongodb.py
Spremljeno u bazu :
1348
podataka!
Pocetak izvrsavanja mogodb.py
2014-01-04 20:31:19.474700
Zavrsetak izvodenja skripte mongodb.py
Spremljeno u bazu :
1348
podataka!
Pocetak izvrsavanja mogodb.py
2014-01-04 22:31:19.470559
Zavrsetak izvodenja skripte mongodb.py
Spremljeno u bazu :
1348
podataka!
Pocetak izvrsavanja mogodb.py
2014-01-05 01:31:11.347884
Zavrsetak izvodenja skripte mongodb.py
Spremljeno u bazu :
1349
podataka!
Pocetak izvrsavanja mogodb.py
2014-01-05 04:31:14.820685
Zavrsetak izvodenja skripte mongodb.py
Spremljeno u bazu :
1354
podataka!
Pocetak izvrsavanja mogodb.py
2014-01-05 08:31:21.646980
Zavrsetak izvodenja skripte mongodb.py
Spremljeno u bazu :
1354
podataka!
Pocetak izvrsavanja mogodb.py
2014-01-05 13:31:22.829767
Zavrsetak izvodenja skripte mongodb.py
Spremljeno u bazu :
1354
podataka!
Pocetak izvrsavanja mogodb.py
2014-01-05 17:31:27.105352
Zavrsetak izvodenja skripte mongodb.py
Spremljeno u bazu :
1351
podataka!
Pocetak izvrsavanja mogodb.py
2014-01-05 20:32:22.725601
Zavrsetak izvodenja skripte mongodb.py
Spremljeno u bazu :
1351
podataka!
Pocetak izvrsavanja mogodb.py
2014-01-05 22:32:13.194154
Zavrsetak izvodenja skripte mongodb.py
Spremljeno u bazu :
1352
podataka!
Pocetak izvrsavanja mogodb.py
2014-01-06 01:31:11.746203
Zavrsetak izvodenja skripte mongodb.py
Spremljeno u bazu :
1354
podataka!
Pocetak izvrsavanja mogodb.py
2014-01-06 04:31:10.753831
Zavrsetak izvodenja skripte mongodb.py
Spremljeno u bazu :
1355
podataka!
Pocetak izvrsavanja mogodb.py
2014-01-06 08:31:23.586871
Zavrsetak izvodenja skripte mongodb.py
Spremljeno u bazu :
1355
podataka!
Pocetak izvrsavanja mogodb.py
2014-01-06 13:31:10.856368
Zavrsetak izvodenja skripte mongodb.py
Spremljeno u bazu :
1356
podataka!
Pocetak izvrsavanja mogodb.py
2014-01-06 17:31:21.533509
Zavrsetak izvodenja skripte mongodb.py
Spremljeno u bazu :
1356
podataka!
Pocetak izvrsavanja mogodb.py
2014-01-06 20:31:14.206195
Pocetak izvrsavanja mogodb.py
2014-01-06 22:31:08.441195
Pocetak izvrsavanja mogodb.py
2014-01-07 01:31:22.275281
Zavrsetak izvodenja skripte mongodb.py
Spremljeno u bazu :
1359
podataka!
Pocetak izvrsavanja mogodb.py
2014-01-07 04:31:13.749749
Zavrsetak izvodenja skripte mongodb.py
Spremljeno u bazu :
1353
podataka!
Pocetak izvrsavanja mogodb.py
2014-01-07 08:31:19.963314
Zavrsetak izvodenja skripte mongodb.py
Spremljeno u bazu :
1360
podataka!
Pocetak izvrsavanja mogodb.py
2014-01-07 13:31:20.258766
Zavrsetak izvodenja skripte mongodb.py
Spremljeno u bazu :
1361
podataka!
Pocetak izvrsavanja mogodb.py
2014-01-07 17:31:14.748056
Zavrsetak izvodenja skripte mongodb.py
Spremljeno u bazu :
1341
podataka!
Pocetak izvrsavanja mogodb.py
2014-01-07 21:02:04.670255
Pocetak izvrsavanja mogodb.py
2014-01-07 22:31:17.114245
Zavrsetak izvodenja skripte mongodb.py
Spremljeno u bazu :
1342
podataka!
Pocetak izvrsavanja mogodb.py
2014-01-08 01:31:13.191402
Zavrsetak izvodenja skripte mongodb.py
Spremljeno u bazu :
1347
podataka!
Pocetak izvrsavanja mogodb.py
2014-01-08 04:31:13.856401
Zavrsetak izvodenja skripte mongodb.py
Spremljeno u bazu :
1347
podataka!
Pocetak izvrsavanja mogodb.py
2014-01-08 08:31:23.389841
Pocetak izvrsavanja mogodb.py
2014-01-08 13:31:12.986144
Pocetak izvrsavanja mogodb.py
2014-01-08 17:31:22.774043
Pocetak izvrsavanja mogodb.py
2014-01-08 20:31:23.789815
Pocetak izvrsavanja mogodb.py
2014-01-08 22:31:05.720970
Pocetak izvrsavanja mogodb.py
2014-01-09 01:31:14.378877
Pocetak izvrsavanja mogodb.py
2014-01-09 04:31:16.907006
Pocetak izvrsavanja mogodb.py
2014-01-09 08:31:24.637411
Pocetak izvrsavanja mogodb.py
2014-01-09 13:31:13.678703
Pocetak izvrsavanja mogodb.py
2014-01-09 17:31:29.436617
Pocetak izvrsavanja mogodb.py
2014-01-09 20:31:53.145328
Pocetak izvrsavanja mogodb.py
2014-01-09 22:31:01.475281
Pocetak izvrsavanja mogodb.py
2014-01-10 01:31:12.655120
Pocetak izvrsavanja mogodb.py
2014-01-10 04:31:15.096360
Pocetak izvrsavanja mogodb.py
2014-01-10 08:31:23.255169
Pocetak izvrsavanja mogodb.py
2014-01-10 13:31:14.832924
Pocetak izvrsavanja mogodb.py
2014-01-10 17:31:13.933849
Pocetak izvrsavanja mogodb.py
2014-01-10 20:31:09.825480
Pocetak izvrsavanja mogodb.py
2014-01-10 22:31:11.107343
Pocetak izvrsavanja mogodb.py
2014-01-11 01:31:12.068229
Pocetak izvrsavanja mogodb.py
2014-01-11 04:31:12.795472
Pocetak izvrsavanja mogodb.py
2014-01-11 08:31:20.870756
Pocetak izvrsavanja mogodb.py
2014-01-11 13:31:25.626797
Pocetak izvrsavanja mogodb.py
2014-01-11 17:31:16.156435
Pocetak izvrsavanja mogodb.py
2014-01-11 20:31:16.029397
Pocetak izvrsavanja mogodb.py
2014-01-11 22:31:16.707604
Pocetak izvrsavanja mogodb.py
2014-01-12 01:31:18.582248
Pocetak izvrsavanja mogodb.py
2014-01-12 04:31:24.620455
Pocetak izvrsavanja mogodb.py
2014-01-12 07:44:04.263284
Pocetak izvrsavanja mogodb.py
2014-01-12 08:31:25.760771
Pocetak izvrsavanja mogodb.py
2014-01-12 13:31:29.921831
Pocetak izvrsavanja mogodb.py
2014-01-12 17:31:20.826433
Pocetak izvrsavanja mogodb.py
2014-01-12 20:31:18.976479
Pocetak izvrsavanja mogodb.py
2014-01-12 22:31:17.227857
Pocetak izvrsavanja mogodb.py
2014-01-13 01:31:12.855822
Pocetak izvrsavanja mogodb.py
2014-01-13 04:31:23.922932
Pocetak izvrsavanja mogodb.py
2014-01-13 08:31:26.571452
Pocetak izvrsavanja mogodb.py
2014-01-13 13:31:38.396402
Zavrsetak izvodenja skripte mongodb.py
Spremljeno u bazu :
1301
podataka!
Pocetak izvrsavanja mogodb.py
2014-01-13 17:31:45.984466
Zavrsetak izvodenja skripte mongodb.py
Spremljeno u bazu :
1288
podataka!
Pocetak izvrsavanja mogodb.py
2014-01-13 20:31:29.376144
Zavrsetak izvodenja skripte mongodb.py
Spremljeno u bazu :
1288
podataka!
Pocetak izvrsavanja mogodb.py
2014-01-13 22:31:11.696989
Zavrsetak izvodenja skripte mongodb.py
Spremljeno u bazu :
1288
podataka!
Pocetak izvrsavanja mogodb.py
2014-01-14 01:31:20.458253
Zavrsetak izvodenja skripte mongodb.py
Spremljeno u bazu :
1289
podataka!
Pocetak izvrsavanja mogodb.py
2014-01-14 04:31:26.561002
Zavrsetak izvodenja skripte mongodb.py
Spremljeno u bazu :
1291
podataka!
Pocetak izvrsavanja mogodb.py
2014-01-14 08:31:45.363871
Zavrsetak izvodenja skripte mongodb.py
Spremljeno u bazu :
1300
podataka!
Pocetak izvrsavanja mogodb.py
2014-01-14 13:31:29.077549
Zavrsetak izvodenja skripte mongodb.py
Spremljeno u bazu :
1300
podataka!
Pocetak izvrsavanja mogodb.py
2014-01-14 17:31:07.816028
Zavrsetak izvodenja skripte mongodb.py
Spremljeno u bazu :
990
podataka!
Pocetak izvrsavanja mogodb.py
2014-01-14 20:31:10.273198
Zavrsetak izvodenja skripte mongodb.py
Spremljeno u bazu :
990
podataka!
Pocetak izvrsavanja mogodb.py
2014-01-14 22:31:00.919424
Zavrsetak izvodenja skripte mongodb.py
Spremljeno u bazu :
991
podataka!
Pocetak izvrsavanja mogodb.py
2014-01-15 01:31:11.149344
Zavrsetak izvodenja skripte mongodb.py
Spremljeno u bazu :
1296
podataka!
Pocetak izvrsavanja mogodb.py
2014-01-15 04:31:12.391001
Zavrsetak izvodenja skripte mongodb.py
Spremljeno u bazu :
1299
podataka!
Pocetak izvrsavanja mogodb.py
2014-01-15 08:31:22.925001
Zavrsetak izvodenja skripte mongodb.py
Spremljeno u bazu :
1299
podataka!
Pocetak izvrsavanja mogodb.py
2014-01-15 13:31:29.560018
Zavrsetak izvodenja skripte mongodb.py
Spremljeno u bazu :
1301
podataka!
Pocetak izvrsavanja mogodb.py
2014-01-15 17:31:29.856738
Zavrsetak izvodenja skripte mongodb.py
Spremljeno u bazu :
1304
podataka!
Pocetak izvrsavanja mogodb.py
2014-01-15 20:31:18.727442
Zavrsetak izvodenja skripte mongodb.py
Spremljeno u bazu :
1304
podataka!
Pocetak izvrsavanja mogodb.py
2014-01-15 22:31:09.370640
Zavrsetak izvodenja skripte mongodb.py
Spremljeno u bazu :
1303
podataka!
Pocetak izvrsavanja mogodb.py
2014-01-16 01:31:13.199827
Zavrsetak izvodenja skripte mongodb.py
Spremljeno u bazu :
1307
podataka!
Pocetak izvrsavanja mogodb.py
2014-01-16 04:31:14.631887
Zavrsetak izvodenja skripte mongodb.py
Spremljeno u bazu :
1306
podataka!
Pocetak izvrsavanja mogodb.py
2014-01-16 08:31:33.417899
Zavrsetak izvodenja skripte mongodb.py
Spremljeno u bazu :
1307
podataka!
Pocetak izvrsavanja mogodb.py
2014-01-16 13:31:18.490649
Zavrsetak izvodenja skripte mongodb.py
Spremljeno u bazu :
1309
podataka!
Pocetak izvrsavanja mogodb.py
2014-01-16 17:31:21.383853
Zavrsetak izvodenja skripte mongodb.py
Spremljeno u bazu :
1313
podataka!
Pocetak izvrsavanja mogodb.py
2014-01-16 20:31:15.341412
Zavrsetak izvodenja skripte mongodb.py
Spremljeno u bazu :
1313
podataka!
Pocetak izvrsavanja mogodb.py
2014-01-16 22:31:12.975457
Zavrsetak izvodenja skripte mongodb.py
Spremljeno u bazu :
1313
podataka!
Pocetak izvrsavanja mogodb.py
2014-01-17 01:31:12.337387
Zavrsetak izvodenja skripte mongodb.py
Spremljeno u bazu :
1315
podataka!
Pocetak izvrsavanja mogodb.py
2014-01-17 04:31:20.169377
Zavrsetak izvodenja skripte mongodb.py
Spremljeno u bazu :
1312
podataka!
Pocetak izvrsavanja mogodb.py
2014-01-17 08:31:19.377659
Zavrsetak izvodenja skripte mongodb.py
Spremljeno u bazu :
1292
podataka!
Pocetak izvrsavanja mogodb.py
2014-01-17 13:31:13.436334
Zavrsetak izvodenja skripte mongodb.py
Spremljeno u bazu :
1290
podataka!
Pocetak izvrsavanja mogodb.py
2014-01-17 17:31:18.687516
Zavrsetak izvodenja skripte mongodb.py
Spremljeno u bazu :
1286
podataka!
Pocetak izvrsavanja mogodb.py
2014-01-17 20:31:32.319624
Zavrsetak izvodenja skripte mongodb.py
Spremljeno u bazu :
1287
podataka!
Pocetak izvrsavanja mogodb.py
2014-01-17 22:31:12.611224
Zavrsetak izvodenja skripte mongodb.py
Spremljeno u bazu :
1291
podataka!
Pocetak izvrsavanja mogodb.py
2014-01-18 01:31:12.597287
Zavrsetak izvodenja skripte mongodb.py
Spremljeno u bazu :
1292
podataka!
Pocetak izvrsavanja mogodb.py
2014-01-18 04:31:12.216697
Zavrsetak izvodenja skripte mongodb.py
Spremljeno u bazu :
1292
podataka!
Pocetak izvrsavanja mogodb.py
2014-01-18 08:31:17.843692
Zavrsetak izvodenja skripte mongodb.py
Spremljeno u bazu :
1292
podataka!
Pocetak izvrsavanja mogodb.py
2014-01-18 13:31:17.204700
Zavrsetak izvodenja skripte mongodb.py
Spremljeno u bazu :
1293
podataka!
Pocetak izvrsavanja mogodb.py
2014-01-18 17:31:13.634266
Zavrsetak izvodenja skripte mongodb.py
Spremljeno u bazu :
1288
podataka!
Pocetak izvrsavanja mogodb.py
2014-01-18 20:31:22.403529
Zavrsetak izvodenja skripte mongodb.py
Spremljeno u bazu :
1289
podataka!
Pocetak izvrsavanja mogodb.py
2014-01-18 22:31:07.779202
Zavrsetak izvodenja skripte mongodb.py
Spremljeno u bazu :
1289
podataka!
Pocetak izvrsavanja mogodb.py
2014-01-19 01:31:12.144253
Zavrsetak izvodenja skripte mongodb.py
Spremljeno u bazu :
1290
podataka!
Pocetak izvrsavanja mogodb.py
2014-01-19 04:31:14.409024
Zavrsetak izvodenja skripte mongodb.py
Spremljeno u bazu :
1291
podataka!
Pocetak izvrsavanja mogodb.py
2014-01-19 08:31:14.825613
Zavrsetak izvodenja skripte mongodb.py
Spremljeno u bazu :
1292
podataka!
Pocetak izvrsavanja mogodb.py
2014-01-19 13:31:17.602851
Zavrsetak izvodenja skripte mongodb.py
Spremljeno u bazu :
1294
podataka!
Pocetak izvrsavanja mogodb.py
2014-01-19 17:31:13.742731
Zavrsetak izvodenja skripte mongodb.py
Spremljeno u bazu :
1306
podataka!
Pocetak izvrsavanja mogodb.py
2014-01-19 20:31:14.908484
Zavrsetak izvodenja skripte mongodb.py
Spremljeno u bazu :
1306
podataka!
Pocetak izvrsavanja mogodb.py
2014-01-19 22:31:11.731916
Zavrsetak izvodenja skripte mongodb.py
Spremljeno u bazu :
1306
podataka!
Pocetak izvrsavanja mogodb.py
2014-01-20 01:31:11.615965
Zavrsetak izvodenja skripte mongodb.py
Spremljeno u bazu :
1279
podataka!
Pocetak izvrsavanja mogodb.py
2014-01-20 04:31:13.419611
Zavrsetak izvodenja skripte mongodb.py
Spremljeno u bazu :
1273
podataka!
Pocetak izvrsavanja mogodb.py
2014-01-20 08:31:30.377362
Zavrsetak izvodenja skripte mongodb.py
Spremljeno u bazu :
1275
podataka!
Pocetak izvrsavanja mogodb.py
2014-01-20 13:31:15.805186
Zavrsetak izvodenja skripte mongodb.py
Spremljeno u bazu :
1282
podataka!
Pocetak izvrsavanja mogodb.py
2014-01-20 17:31:20.857153
Zavrsetak izvodenja skripte mongodb.py
Spremljeno u bazu :
1282
podataka!
Pocetak izvrsavanja mogodb.py
2014-01-20 20:31:15.902190
Zavrsetak izvodenja skripte mongodb.py
Spremljeno u bazu :
1281
podataka!
Pocetak izvrsavanja mogodb.py
2014-01-20 22:31:06.961167
Zavrsetak izvodenja skripte mongodb.py
Spremljeno u bazu :
1282
podataka!
Pocetak izvrsavanja mogodb.py
2014-01-21 01:31:20.448311
Zavrsetak izvodenja skripte mongodb.py
Spremljeno u bazu :
1290
podataka!
Pocetak izvrsavanja mogodb.py
2014-01-21 04:31:22.720494
Zavrsetak izvodenja skripte mongodb.py
Spremljeno u bazu :
1283
podataka!
Pocetak izvrsavanja mogodb.py
2014-01-21 08:31:23.060820
Zavrsetak izvodenja skripte mongodb.py
Spremljeno u bazu :
1284
podataka!
Pocetak izvrsavanja mogodb.py
2014-01-21 13:31:13.698818
Zavrsetak izvodenja skripte mongodb.py
Spremljeno u bazu :
1290
podataka!
Pocetak izvrsavanja mogodb.py
2014-01-21 17:31:18.311549
Zavrsetak izvodenja skripte mongodb.py
Spremljeno u bazu :
1283
podataka!
Pocetak izvrsavanja mogodb.py
2014-01-21 20:31:14.015647
Zavrsetak izvodenja skripte mongodb.py
Spremljeno u bazu :
1283
podataka!
Pocetak izvrsavanja mogodb.py
2014-01-21 22:31:06.847736
Zavrsetak izvodenja skripte mongodb.py
Spremljeno u bazu :
1286
podataka!
Pocetak izvrsavanja mogodb.py
2014-01-22 01:31:11.496322
Zavrsetak izvodenja skripte mongodb.py
Spremljeno u bazu :
1290
podataka!
Pocetak izvrsavanja mogodb.py
2014-01-22 04:31:13.532212
Zavrsetak izvodenja skripte mongodb.py
Spremljeno u bazu :
1290
podataka!
Pocetak izvrsavanja mogodb.py
2014-01-22 08:31:24.445029
Zavrsetak izvodenja skripte mongodb.py
Spremljeno u bazu :
1291
podataka!
Pocetak izvrsavanja mogodb.py
2014-01-22 13:31:19.505241
Zavrsetak izvodenja skripte mongodb.py
Spremljeno u bazu :
1296
podataka!
Pocetak izvrsavanja mogodb.py
2014-01-22 17:31:24.631455
Zavrsetak izvodenja skripte mongodb.py
Spremljeno u bazu :
1310
podataka!
Pocetak izvrsavanja mogodb.py
2014-01-22 20:31:19.283679
Zavrsetak izvodenja skripte mongodb.py
Spremljeno u bazu :
1310
podataka!
Pocetak izvrsavanja mogodb.py
2014-01-22 22:31:10.690118
Zavrsetak izvodenja skripte mongodb.py
Spremljeno u bazu :
1308
podataka!
Pocetak izvrsavanja mogodb.py
2014-01-23 01:31:11.931090
Zavrsetak izvodenja skripte mongodb.py
Spremljeno u bazu :
1313
podataka!
Pocetak izvrsavanja mogodb.py
2014-01-23 04:31:11.534358
Zavrsetak izvodenja skripte mongodb.py
Spremljeno u bazu :
1311
podataka!
Pocetak izvrsavanja mogodb.py
2014-01-23 08:31:19.031983
Zavrsetak izvodenja skripte mongodb.py
Spremljeno u bazu :
1314
podataka!
Pocetak izvrsavanja mogodb.py
2014-01-23 13:31:15.834634
Zavrsetak izvodenja skripte mongodb.py
Spremljeno u bazu :
1322
podataka!
Pocetak izvrsavanja mogodb.py
2014-01-23 17:31:19.376260
Zavrsetak izvodenja skripte mongodb.py
Spremljeno u bazu :
1317
podataka!
Pocetak izvrsavanja mogodb.py
2014-01-23 20:31:18.972110
Zavrsetak izvodenja skripte mongodb.py
Spremljeno u bazu :
1317
podataka!
Pocetak izvrsavanja mogodb.py
2014-01-23 22:31:08.899920
Zavrsetak izvodenja skripte mongodb.py
Spremljeno u bazu :
1317
podataka!
Pocetak izvrsavanja mogodb.py
2014-01-24 01:31:14.634014
Zavrsetak izvodenja skripte mongodb.py
Spremljeno u bazu :
1313
podataka!
Pocetak izvrsavanja mogodb.py
2014-01-24 04:31:33.322843
Zavrsetak izvodenja skripte mongodb.py
Spremljeno u bazu :
1317
podataka!
Pocetak izvrsavanja mogodb.py
2014-01-24 08:31:22.832761
Zavrsetak izvodenja skripte mongodb.py
Spremljeno u bazu :
1316
podataka!
Pocetak izvrsavanja mogodb.py
2014-01-24 13:31:31.166739
Zavrsetak izvodenja skripte mongodb.py
Spremljeno u bazu :
1316
podataka!
Pocetak izvrsavanja mogodb.py
2014-01-24 17:31:12.322592
Zavrsetak izvodenja skripte mongodb.py
Spremljeno u bazu :
1314
podataka!
Pocetak izvrsavanja mogodb.py
2014-01-24 20:31:25.356051
Zavrsetak izvodenja skripte mongodb.py
Spremljeno u bazu :
1314
podataka!
Pocetak izvrsavanja mogodb.py
2014-01-24 22:31:21.255032
Zavrsetak izvodenja skripte mongodb.py
Spremljeno u bazu :
1314
podataka!
Pocetak izvrsavanja mogodb.py
2014-01-25 01:31:32.114862
Zavrsetak izvodenja skripte mongodb.py
Spremljeno u bazu :
1320
podataka!
Pocetak izvrsavanja mogodb.py
2014-01-25 04:31:18.383361
Zavrsetak izvodenja skripte mongodb.py
Spremljeno u bazu :
1318
podataka!
Pocetak izvrsavanja mogodb.py
2014-01-25 08:31:33.254349
Zavrsetak izvodenja skripte mongodb.py
Spremljeno u bazu :
1320
podataka!
Pocetak izvrsavanja mogodb.py
2014-01-25 13:31:22.034922
Zavrsetak izvodenja skripte mongodb.py
Spremljeno u bazu :
1321
podataka!
Pocetak izvrsavanja mogodb.py
2014-01-25 17:34:22.718850
Pocetak izvrsavanja mogodb.py
2014-01-25 20:31:14.370294
Zavrsetak izvodenja skripte mongodb.py
Spremljeno u bazu :
1311
podataka!
Pocetak izvrsavanja mogodb.py
2014-01-25 22:31:07.570679
Zavrsetak izvodenja skripte mongodb.py
Spremljeno u bazu :
1311
podataka!
Pocetak izvrsavanja mogodb.py
2014-01-26 01:31:17.610027
Zavrsetak izvodenja skripte mongodb.py
Spremljeno u bazu :
1315
podataka!
Pocetak izvrsavanja mogodb.py
2014-01-26 04:31:10.931539
Zavrsetak izvodenja skripte mongodb.py
Spremljeno u bazu :
1315
podataka!
Pocetak izvrsavanja mogodb.py
2014-01-26 08:31:19.311302
Zavrsetak izvodenja skripte mongodb.py
Spremljeno u bazu :
1315
podataka!
Pocetak izvrsavanja mogodb.py
2014-01-26 13:31:16.429815
Zavrsetak izvodenja skripte mongodb.py
Spremljeno u bazu :
1315
podataka!
Pocetak izvrsavanja mogodb.py
2014-01-26 17:31:12.252629
Zavrsetak izvodenja skripte mongodb.py
Spremljeno u bazu :
1322
podataka!
Pocetak izvrsavanja mogodb.py
2014-01-26 20:31:25.453142
Zavrsetak izvodenja skripte mongodb.py
Spremljeno u bazu :
1322
podataka!
Pocetak izvrsavanja mogodb.py
2014-01-26 22:31:10.439081
Zavrsetak izvodenja skripte mongodb.py
Spremljeno u bazu :
1322
podataka!
Pocetak izvrsavanja mogodb.py
2014-01-27 01:31:13.352231
Zavrsetak izvodenja skripte mongodb.py
Spremljeno u bazu :
1323
podataka!
Pocetak izvrsavanja mogodb.py
2014-01-27 04:31:18.229661
Zavrsetak izvodenja skripte mongodb.py
Spremljeno u bazu :
1325
podataka!
Pocetak izvrsavanja mogodb.py
2014-01-27 08:31:16.992135
Zavrsetak izvodenja skripte mongodb.py
Spremljeno u bazu :
1327
podataka!
Pocetak izvrsavanja mogodb.py
2014-01-27 13:31:20.691410
Zavrsetak izvodenja skripte mongodb.py
Spremljeno u bazu :
1329
podataka!
Pocetak izvrsavanja mogodb.py
2014-01-27 17:31:18.651362
Zavrsetak izvodenja skripte mongodb.py
Spremljeno u bazu :
1325
podataka!
Pocetak izvrsavanja mogodb.py
2014-01-27 20:31:19.645212
Zavrsetak izvodenja skripte mongodb.py
Spremljeno u bazu :
1325
podataka!
Pocetak izvrsavanja mogodb.py
2014-01-27 22:31:08.968883
Zavrsetak izvodenja skripte mongodb.py
Spremljeno u bazu :
1326
podataka!
Pocetak izvrsavanja mogodb.py
2014-01-28 01:31:13.085486
Zavrsetak izvodenja skripte mongodb.py
Spremljeno u bazu :
1326
podataka!
Pocetak izvrsavanja mogodb.py
2014-01-28 04:31:14.646807
Zavrsetak izvodenja skripte mongodb.py
Spremljeno u bazu :
1330
podataka!
Pocetak izvrsavanja mogodb.py
2014-01-28 08:31:32.573367
Zavrsetak izvodenja skripte mongodb.py
Spremljeno u bazu :
1332
podataka!
Pocetak izvrsavanja mogodb.py
2014-01-28 13:31:23.423573
Zavrsetak izvodenja skripte mongodb.py
Spremljeno u bazu :
1333
podataka!
Pocetak izvrsavanja mogodb.py
2014-01-28 17:31:27.154013
Zavrsetak izvodenja skripte mongodb.py
Spremljeno u bazu :
1337
podataka!
Pocetak izvrsavanja mogodb.py
2014-01-28 20:31:13.083422
Zavrsetak izvodenja skripte mongodb.py
Spremljeno u bazu :
1337
podataka!
Pocetak izvrsavanja mogodb.py
2014-01-28 22:31:40.013912
Zavrsetak izvodenja skripte mongodb.py
Spremljeno u bazu :
1338
podataka!
Pocetak izvrsavanja mogodb.py
2014-01-29 01:31:14.703394
Zavrsetak izvodenja skripte mongodb.py
Spremljeno u bazu :
1337
podataka!
Pocetak izvrsavanja mogodb.py
2014-01-29 04:31:15.279050
Zavrsetak izvodenja skripte mongodb.py
Spremljeno u bazu :
1337
podataka!
Pocetak izvrsavanja mogodb.py
2014-01-29 08:31:19.946786
Zavrsetak izvodenja skripte mongodb.py
Spremljeno u bazu :
1338
podataka!
Pocetak izvrsavanja mogodb.py
2014-01-29 13:31:20.229899
Zavrsetak izvodenja skripte mongodb.py
Spremljeno u bazu :
1342
podataka!
Pocetak izvrsavanja mogodb.py
2014-01-29 17:31:21.110728
Zavrsetak izvodenja skripte mongodb.py
Spremljeno u bazu :
1345
podataka!
Pocetak izvrsavanja mogodb.py
2014-01-29 20:31:16.681968
Zavrsetak izvodenja skripte mongodb.py
Spremljeno u bazu :
1345
podataka!
Pocetak izvrsavanja mogodb.py
2014-01-29 22:31:08.010309
Zavrsetak izvodenja skripte mongodb.py
Spremljeno u bazu :
1348
podataka!
Pocetak izvrsavanja mogodb.py
2014-01-30 01:31:11.281816
Zavrsetak izvodenja skripte mongodb.py
Spremljeno u bazu :
1352
podataka!
Pocetak izvrsavanja mogodb.py
2014-01-30 04:31:13.607010
Zavrsetak izvodenja skripte mongodb.py
Spremljeno u bazu :
1354
podataka!
Pocetak izvrsavanja mogodb.py
2014-01-30 08:31:26.031891
Zavrsetak izvodenja skripte mongodb.py
Spremljeno u bazu :
1353
podataka!
Pocetak izvrsavanja mogodb.py
2014-01-30 13:31:11.339214
Zavrsetak izvodenja skripte mongodb.py
Spremljeno u bazu :
1349
podataka!
Pocetak izvrsavanja mogodb.py
2014-01-30 17:31:12.280361
Zavrsetak izvodenja skripte mongodb.py
Spremljeno u bazu :
1333
podataka!
Pocetak izvrsavanja mogodb.py
2014-01-30 20:31:09.697833
Zavrsetak izvodenja skripte mongodb.py
Spremljeno u bazu :
1333
podataka!
Pocetak izvrsavanja mogodb.py
2014-01-30 22:31:09.830408
Zavrsetak izvodenja skripte mongodb.py
Spremljeno u bazu :
1341
podataka!
Pocetak izvrsavanja mogodb.py
2014-01-31 01:31:09.853806
Zavrsetak izvodenja skripte mongodb.py
Spremljeno u bazu :
1344
podataka!
Pocetak izvrsavanja mogodb.py
2014-01-31 04:31:15.061251
Zavrsetak izvodenja skripte mongodb.py
Spremljeno u bazu :
1344
podataka!
Pocetak izvrsavanja mogodb.py
2014-01-31 08:31:19.947374
Zavrsetak izvodenja skripte mongodb.py
Spremljeno u bazu :
1344
podataka!
Pocetak izvrsavanja mogodb.py
2014-01-31 13:31:09.965500
Zavrsetak izvodenja skripte mongodb.py
Spremljeno u bazu :
1350
podataka!
Pocetak izvrsavanja mogodb.py
2014-01-31 17:31:12.410813
Zavrsetak izvodenja skripte mongodb.py
Spremljeno u bazu :
1328
podataka!
Pocetak izvrsavanja mogodb.py
2014-01-31 20:31:11.085067
Zavrsetak izvodenja skripte mongodb.py
Spremljeno u bazu :
1329
podataka!
Pocetak izvrsavanja mogodb.py
2014-01-31 22:31:04.755411
Zavrsetak izvodenja skripte mongodb.py
Spremljeno u bazu :
1331
podataka!
Pocetak izvrsavanja mogodb.py
2014-02-01 01:31:13.512333
Zavrsetak izvodenja skripte mongodb.py
Spremljeno u bazu :
1330
podataka!
Pocetak izvrsavanja mogodb.py
2014-02-01 04:31:11.164882
Zavrsetak izvodenja skripte mongodb.py
Spremljeno u bazu :
1331
podataka!
Pocetak izvrsavanja mogodb.py
2014-02-01 08:31:18.823868
Zavrsetak izvodenja skripte mongodb.py
Spremljeno u bazu :
1332
podataka!
Pocetak izvrsavanja mogodb.py
2014-02-01 13:31:12.888637
Zavrsetak izvodenja skripte mongodb.py
Spremljeno u bazu :
1332
podataka!
Pocetak izvrsavanja mogodb.py
2014-02-01 17:31:17.682568
Zavrsetak izvodenja skripte mongodb.py
Spremljeno u bazu :
1332
podataka!
Pocetak izvrsavanja mogodb.py
2014-02-01 20:31:06.288979
Zavrsetak izvodenja skripte mongodb.py
Spremljeno u bazu :
1332
podataka!
Pocetak izvrsavanja mogodb.py
2014-02-01 22:31:10.925455
Zavrsetak izvodenja skripte mongodb.py
Spremljeno u bazu :
1332
podataka!
Pocetak izvrsavanja mogodb.py
2014-02-02 01:31:04.265412
Zavrsetak izvodenja skripte mongodb.py
Spremljeno u bazu :
1332
podataka!
Pocetak izvrsavanja mogodb.py
2014-02-02 04:31:12.128693
Zavrsetak izvodenja skripte mongodb.py
Spremljeno u bazu :
1331
podataka!
Pocetak izvrsavanja mogodb.py
2014-02-02 08:31:25.296456
Zavrsetak izvodenja skripte mongodb.py
Spremljeno u bazu :
1331
podataka!
Pocetak izvrsavanja mogodb.py
2014-02-02 13:31:13.060101
Zavrsetak izvodenja skripte mongodb.py
Spremljeno u bazu :
1331
podataka!
Pocetak izvrsavanja mogodb.py
2014-02-02 17:31:09.328829
Zavrsetak izvodenja skripte mongodb.py
Spremljeno u bazu :
1342
podataka!
Pocetak izvrsavanja mogodb.py
2014-02-02 20:31:09.364010
Zavrsetak izvodenja skripte mongodb.py
Spremljeno u bazu :
1342
podataka!
Pocetak izvrsavanja mogodb.py
2014-02-02 22:31:22.804428
Zavrsetak izvodenja skripte mongodb.py
Spremljeno u bazu :
1342
podataka!
Pocetak izvrsavanja mogodb.py
2014-02-03 01:31:08.205096
Zavrsetak izvodenja skripte mongodb.py
Spremljeno u bazu :
1343
podataka!
Pocetak izvrsavanja mogodb.py
2014-02-03 04:31:18.826225
Zavrsetak izvodenja skripte mongodb.py
Spremljeno u bazu :
1335
podataka!
Pocetak izvrsavanja mogodb.py
2014-02-03 08:31:25.276851
Zavrsetak izvodenja skripte mongodb.py
Spremljeno u bazu :
1337
podataka!
Pocetak izvrsavanja mogodb.py
2014-02-03 13:31:18.131584
Zavrsetak izvodenja skripte mongodb.py
Spremljeno u bazu :
1344
podataka!
Pocetak izvrsavanja mogodb.py
2014-02-03 17:31:32.818156
Zavrsetak izvodenja skripte mongodb.py
Spremljeno u bazu :
1343
podataka!
Pocetak izvrsavanja mogodb.py
2014-02-03 20:31:30.675263
Zavrsetak izvodenja skripte mongodb.py
Spremljeno u bazu :
1343
podataka!
Pocetak izvrsavanja mogodb.py
2014-02-03 22:31:07.949730
Zavrsetak izvodenja skripte mongodb.py
Spremljeno u bazu :
1343
podataka!
Pocetak izvrsavanja mogodb.py
2014-02-04 01:31:10.712515
Zavrsetak izvodenja skripte mongodb.py
Spremljeno u bazu :
1346
podataka!
Pocetak izvrsavanja mogodb.py
2014-02-04 04:31:13.695641
Zavrsetak izvodenja skripte mongodb.py
Spremljeno u bazu :
1347
podataka!
Pocetak izvrsavanja mogodb.py
2014-02-04 08:31:12.848187
Zavrsetak izvodenja skripte mongodb.py
Spremljeno u bazu :
1356
podataka!
Pocetak izvrsavanja mogodb.py
2014-02-04 13:31:20.071143
Zavrsetak izvodenja skripte mongodb.py
Spremljeno u bazu :
1356
podataka!
Pocetak izvrsavanja mogodb.py
2014-02-04 17:31:10.327235
Zavrsetak izvodenja skripte mongodb.py
Spremljeno u bazu :
1358
podataka!
Pocetak izvrsavanja mogodb.py
2014-02-04 20:31:16.529079
Zavrsetak izvodenja skripte mongodb.py
Spremljeno u bazu :
1358
podataka!
Pocetak izvrsavanja mogodb.py
2014-02-04 22:31:10.985115
Zavrsetak izvodenja skripte mongodb.py
Spremljeno u bazu :
1358
podataka!
Pocetak izvrsavanja mogodb.py
2014-02-05 01:31:18.060818
Zavrsetak izvodenja skripte mongodb.py
Spremljeno u bazu :
1356
podataka!
Pocetak izvrsavanja mogodb.py
2014-02-05 04:31:14.313680
Zavrsetak izvodenja skripte mongodb.py
Spremljeno u bazu :
1361
podataka!
Pocetak izvrsavanja mogodb.py
2014-02-05 08:31:23.445230
Zavrsetak izvodenja skripte mongodb.py
Spremljeno u bazu :
1364
podataka!
Pocetak izvrsavanja mogodb.py
2014-02-05 13:31:16.338589
Zavrsetak izvodenja skripte mongodb.py
Spremljeno u bazu :
1368
podataka!
Pocetak izvrsavanja mogodb.py
2014-02-05 17:31:10.518985
Zavrsetak izvodenja skripte mongodb.py
Spremljeno u bazu :
1364
podataka!
Pocetak izvrsavanja mogodb.py
2014-02-05 20:31:11.543038
Zavrsetak izvodenja skripte mongodb.py
Spremljeno u bazu :
1364
podataka!
Pocetak izvrsavanja mogodb.py
2014-02-05 22:31:07.816589
Zavrsetak izvodenja skripte mongodb.py
Spremljeno u bazu :
1364
podataka!
Pocetak izvrsavanja mogodb.py
2014-02-06 01:31:16.405579
Zavrsetak izvodenja skripte mongodb.py
Spremljeno u bazu :
1358
podataka!
Pocetak izvrsavanja mogodb.py
2014-02-06 04:31:21.942347
Zavrsetak izvodenja skripte mongodb.py
Spremljeno u bazu :
1359
podataka!
Pocetak izvrsavanja mogodb.py
2014-02-06 08:31:17.026207
Zavrsetak izvodenja skripte mongodb.py
Spremljeno u bazu :
1364
podataka!
Pocetak izvrsavanja mogodb.py
2014-02-06 13:31:22.111557
Zavrsetak izvodenja skripte mongodb.py
Spremljeno u bazu :
1364
podataka!
Pocetak izvrsavanja mogodb.py
2014-02-06 17:31:16.793820
Zavrsetak izvodenja skripte mongodb.py
Spremljeno u bazu :
1351
podataka!
Pocetak izvrsavanja mogodb.py
2014-02-06 20:31:40.868310
Zavrsetak izvodenja skripte mongodb.py
Spremljeno u bazu :
1351
podataka!
Pocetak izvrsavanja mogodb.py
2014-02-06 22:31:12.923932
Zavrsetak izvodenja skripte mongodb.py
Spremljeno u bazu :
1359
podataka!
Pocetak izvrsavanja mogodb.py
2014-02-07 01:31:12.427245
Zavrsetak izvodenja skripte mongodb.py
Spremljeno u bazu :
1362
podataka!
Pocetak izvrsavanja mogodb.py
2014-02-07 04:31:13.923118
Zavrsetak izvodenja skripte mongodb.py
Spremljeno u bazu :
1365
podataka!
Pocetak izvrsavanja mogodb.py
2014-02-07 08:31:18.086142
Zavrsetak izvodenja skripte mongodb.py
Spremljeno u bazu :
1360
podataka!
Pocetak izvrsavanja mogodb.py
2014-02-07 13:34:45.667401
Zavrsetak izvodenja skripte mongodb.py
Spremljeno u bazu :
1199
podataka!
Pocetak izvrsavanja mogodb.py
2014-02-07 17:31:14.931497
Zavrsetak izvodenja skripte mongodb.py
Spremljeno u bazu :
1364
podataka!
Pocetak izvrsavanja mogodb.py
2014-02-07 20:31:13.852930
Zavrsetak izvodenja skripte mongodb.py
Spremljeno u bazu :
1364
podataka!
Pocetak izvrsavanja mogodb.py
2014-02-07 22:31:11.857291
Zavrsetak izvodenja skripte mongodb.py
Spremljeno u bazu :
1364
podataka!
Pocetak izvrsavanja mogodb.py
2014-02-08 01:31:07.085371
Zavrsetak izvodenja skripte mongodb.py
Spremljeno u bazu :
1367
podataka!
Pocetak izvrsavanja mogodb.py
2014-02-08 04:31:11.034791
Zavrsetak izvodenja skripte mongodb.py
Spremljeno u bazu :
1368
podataka!
Pocetak izvrsavanja mogodb.py
2014-02-08 08:31:26.450103
Zavrsetak izvodenja skripte mongodb.py
Spremljeno u bazu :
1368
podataka!
Pocetak izvrsavanja mogodb.py
2014-02-08 13:31:18.828654
Zavrsetak izvodenja skripte mongodb.py
Spremljeno u bazu :
1368
podataka!
Pocetak izvrsavanja mogodb.py
2014-02-08 17:31:22.058398
Zavrsetak izvodenja skripte mongodb.py
Spremljeno u bazu :
1362
podataka!
Pocetak izvrsavanja mogodb.py
2014-02-08 20:31:31.289162
Zavrsetak izvodenja skripte mongodb.py
Spremljeno u bazu :
1362
podataka!
Pocetak izvrsavanja mogodb.py
2014-02-08 22:31:12.031267
Zavrsetak izvodenja skripte mongodb.py
Spremljeno u bazu :
1362
podataka!
Pocetak izvrsavanja mogodb.py
2014-02-09 01:31:06.955091
Zavrsetak izvodenja skripte mongodb.py
Spremljeno u bazu :
1363
podataka!
Pocetak izvrsavanja mogodb.py
2014-02-09 04:31:15.104187
Zavrsetak izvodenja skripte mongodb.py
Spremljeno u bazu :
1364
podataka!
Pocetak izvrsavanja mogodb.py
2014-02-09 08:31:30.241710
Zavrsetak izvodenja skripte mongodb.py
Spremljeno u bazu :
1364
podataka!
Pocetak izvrsavanja mogodb.py
2014-02-09 13:31:16.564074
Zavrsetak izvodenja skripte mongodb.py
Spremljeno u bazu :
1365
podataka!
Pocetak izvrsavanja mogodb.py
2014-02-09 17:31:22.270597
Zavrsetak izvodenja skripte mongodb.py
Spremljeno u bazu :
1365
podataka!
Pocetak izvrsavanja mogodb.py
2014-02-09 20:31:29.906568
Zavrsetak izvodenja skripte mongodb.py
Spremljeno u bazu :
1365
podataka!
Pocetak izvrsavanja mogodb.py
2014-02-09 22:31:12.442339
Zavrsetak izvodenja skripte mongodb.py
Spremljeno u bazu :
1365
podataka!
Pocetak izvrsavanja mogodb.py
2014-02-10 01:31:46.534060
Zavrsetak izvodenja skripte mongodb.py
Spremljeno u bazu :
1362
podataka!
Pocetak izvrsavanja mogodb.py
2014-02-10 04:31:29.385198
Zavrsetak izvodenja skripte mongodb.py
Spremljeno u bazu :
1358
podataka!
Pocetak izvrsavanja mogodb.py
2014-02-10 08:31:28.140400
Zavrsetak izvodenja skripte mongodb.py
Spremljeno u bazu :
1360
podataka!
Pocetak izvrsavanja mogodb.py
2014-02-10 13:31:17.267450
Zavrsetak izvodenja skripte mongodb.py
Spremljeno u bazu :
1360
podataka!
Pocetak izvrsavanja mogodb.py
2014-02-10 17:31:23.522738
Zavrsetak izvodenja skripte mongodb.py
Spremljeno u bazu :
1363
podataka!
Pocetak izvrsavanja mogodb.py
2014-02-10 20:31:14.932820
Zavrsetak izvodenja skripte mongodb.py
Spremljeno u bazu :
1363
podataka!
Pocetak izvrsavanja mogodb.py
2014-02-10 22:31:14.660329
Zavrsetak izvodenja skripte mongodb.py
Spremljeno u bazu :
1363
podataka!
Pocetak izvrsavanja mogodb.py
2014-02-11 01:31:09.721198
Zavrsetak izvodenja skripte mongodb.py
Spremljeno u bazu :
1367
podataka!
Pocetak izvrsavanja mogodb.py
2014-02-11 04:31:16.310355
Zavrsetak izvodenja skripte mongodb.py
Spremljeno u bazu :
1373
podataka!
Pocetak izvrsavanja mogodb.py
2014-02-11 08:31:17.323179
Zavrsetak izvodenja skripte mongodb.py
Spremljeno u bazu :
1367
podataka!
Pocetak izvrsavanja mogodb.py
2014-02-11 13:31:16.559584
Zavrsetak izvodenja skripte mongodb.py
Spremljeno u bazu :
1368
podataka!
Pocetak izvrsavanja mogodb.py
2014-02-11 17:31:22.492753
Zavrsetak izvodenja skripte mongodb.py
Spremljeno u bazu :
1372
podataka!
Pocetak izvrsavanja mogodb.py
2014-02-11 20:31:14.044151
Zavrsetak izvodenja skripte mongodb.py
Spremljeno u bazu :
1372
podataka!
Pocetak izvrsavanja mogodb.py
2014-02-11 22:31:11.867495
Zavrsetak izvodenja skripte mongodb.py
Spremljeno u bazu :
1372
podataka!
Pocetak izvrsavanja mogodb.py
2014-02-12 01:31:28.330260
Zavrsetak izvodenja skripte mongodb.py
Spremljeno u bazu :
1364
podataka!
Pocetak izvrsavanja mogodb.py
2014-02-12 04:31:22.131031
Zavrsetak izvodenja skripte mongodb.py
Spremljeno u bazu :
1365
podataka!
Pocetak izvrsavanja mogodb.py
2014-02-12 08:31:31.080219
Zavrsetak izvodenja skripte mongodb.py
Spremljeno u bazu :
1369
podataka!
Pocetak izvrsavanja mogodb.py
2014-02-12 13:31:13.817034
Zavrsetak izvodenja skripte mongodb.py
Spremljeno u bazu :
1371
podataka!
Pocetak izvrsavanja mogodb.py
2014-02-12 17:31:16.465143
Zavrsetak izvodenja skripte mongodb.py
Spremljeno u bazu :
1376
podataka!
Pocetak izvrsavanja mogodb.py
2014-02-12 20:36:03.900729
Pocetak izvrsavanja mogodb.py
2014-02-12 22:31:12.839706
Zavrsetak izvodenja skripte mongodb.py
Spremljeno u bazu :
1374
podataka!
Pocetak izvrsavanja mogodb.py
2014-02-13 01:31:12.465908
Zavrsetak izvodenja skripte mongodb.py
Spremljeno u bazu :
1375
podataka!
Pocetak izvrsavanja mogodb.py
2014-02-13 04:31:22.153354
Zavrsetak izvodenja skripte mongodb.py
Spremljeno u bazu :
1378
podataka!
Pocetak izvrsavanja mogodb.py
2014-02-13 08:31:24.184110
Zavrsetak izvodenja skripte mongodb.py
Spremljeno u bazu :
1379
podataka!
Pocetak izvrsavanja mogodb.py
2014-02-13 13:31:19.011319
Zavrsetak izvodenja skripte mongodb.py
Spremljeno u bazu :
1379
podataka!
Pocetak izvrsavanja mogodb.py
2014-02-13 17:31:22.264757
Zavrsetak izvodenja skripte mongodb.py
Spremljeno u bazu :
1382
podataka!
Pocetak izvrsavanja mogodb.py
2014-02-13 20:31:27.495133
Zavrsetak izvodenja skripte mongodb.py
Spremljeno u bazu :
1382
podataka!
Pocetak izvrsavanja mogodb.py
2014-02-13 22:31:07.536076
Zavrsetak izvodenja skripte mongodb.py
Spremljeno u bazu :
1382
podataka!
Pocetak izvrsavanja mogodb.py
2014-02-14 01:31:14.049301
Zavrsetak izvodenja skripte mongodb.py
Spremljeno u bazu :
1376
podataka!
Pocetak izvrsavanja mogodb.py
2014-02-14 04:31:11.803455
Zavrsetak izvodenja skripte mongodb.py
Spremljeno u bazu :
1381
podataka!
Pocetak izvrsavanja mogodb.py
2014-02-14 08:31:15.866945
Zavrsetak izvodenja skripte mongodb.py
Spremljeno u bazu :
1388
podataka!
Pocetak izvrsavanja mogodb.py
2014-02-14 13:31:12.882562
Zavrsetak izvodenja skripte mongodb.py
Spremljeno u bazu :
1390
podataka!
Pocetak izvrsavanja mogodb.py
2014-02-14 17:31:11.888947
Zavrsetak izvodenja skripte mongodb.py
Spremljeno u bazu :
1378
podataka!
Pocetak izvrsavanja mogodb.py
2014-02-14 20:31:10.557878
Zavrsetak izvodenja skripte mongodb.py
Spremljeno u bazu :
1378
podataka!
Pocetak izvrsavanja mogodb.py
2014-02-14 22:31:05.409837
Zavrsetak izvodenja skripte mongodb.py
Spremljeno u bazu :
1378
podataka!
Pocetak izvrsavanja mogodb.py
2014-02-15 01:31:12.124819
Zavrsetak izvodenja skripte mongodb.py
Spremljeno u bazu :
1379
podataka!
Pocetak izvrsavanja mogodb.py
2014-02-15 04:31:13.666872
Zavrsetak izvodenja skripte mongodb.py
Spremljeno u bazu :
1381
podataka!
Pocetak izvrsavanja mogodb.py
2014-02-15 08:31:10.609236
Zavrsetak izvodenja skripte mongodb.py
Spremljeno u bazu :
1381
podataka!
Pocetak izvrsavanja mogodb.py
2014-02-15 13:31:13.030527
Zavrsetak izvodenja skripte mongodb.py
Spremljeno u bazu :
1385
podataka!
Pocetak izvrsavanja mogodb.py
2014-02-15 17:31:10.258202
Zavrsetak izvodenja skripte mongodb.py
Spremljeno u bazu :
1382
podataka!
Pocetak izvrsavanja mogodb.py
2014-02-15 20:35:09.330254
Pocetak izvrsavanja mogodb.py
2014-02-15 22:33:36.846001
Pocetak izvrsavanja mogodb.py
2014-02-16 01:31:09.895572
Zavrsetak izvodenja skripte mongodb.py
Spremljeno u bazu :
1382
podataka!
Pocetak izvrsavanja mogodb.py
2014-02-16 04:31:11.345226
Zavrsetak izvodenja skripte mongodb.py
Spremljeno u bazu :
1386
podataka!
Pocetak izvrsavanja mogodb.py
2014-02-16 08:31:23.110096
Zavrsetak izvodenja skripte mongodb.py
Spremljeno u bazu :
1387
podataka!
Pocetak izvrsavanja mogodb.py
2014-02-16 13:31:10.572166
Zavrsetak izvodenja skripte mongodb.py
Spremljeno u bazu :
1387
podataka!
Pocetak izvrsavanja mogodb.py
2014-02-16 17:31:10.820043
Zavrsetak izvodenja skripte mongodb.py
Spremljeno u bazu :
1382
podataka!
Pocetak izvrsavanja mogodb.py
2014-02-16 20:31:11.567241
Zavrsetak izvodenja skripte mongodb.py
Spremljeno u bazu :
1382
podataka!
Pocetak izvrsavanja mogodb.py
2014-02-16 22:31:07.112669
Zavrsetak izvodenja skripte mongodb.py
Spremljeno u bazu :
1382
podataka!
Pocetak izvrsavanja mogodb.py
2014-02-17 01:31:35.892220
Zavrsetak izvodenja skripte mongodb.py
Spremljeno u bazu :
1376
podataka!
Pocetak izvrsavanja mogodb.py
2014-02-17 04:31:15.281204
Zavrsetak izvodenja skripte mongodb.py
Spremljeno u bazu :
1375
podataka!
Pocetak izvrsavanja mogodb.py
2014-02-17 08:31:13.271517
Zavrsetak izvodenja skripte mongodb.py
Spremljeno u bazu :
1378
podataka!
Pocetak izvrsavanja mogodb.py
2014-02-17 13:31:15.523766
Zavrsetak izvodenja skripte mongodb.py
Spremljeno u bazu :
1427
podataka!
Pocetak izvrsavanja mogodb.py
2014-02-17 17:31:11.928978
Zavrsetak izvodenja skripte mongodb.py
Spremljeno u bazu :
1421
podataka!
Pocetak izvrsavanja mogodb.py
2014-02-17 20:31:11.026492
Zavrsetak izvodenja skripte mongodb.py
Spremljeno u bazu :
1421
podataka!
Pocetak izvrsavanja mogodb.py
2014-02-17 22:31:10.442289
Zavrsetak izvodenja skripte mongodb.py
Spremljeno u bazu :
1421
podataka!
Pocetak izvrsavanja mogodb.py
2014-02-18 01:31:11.540328
Zavrsetak izvodenja skripte mongodb.py
Spremljeno u bazu :
1420
podataka!
Pocetak izvrsavanja mogodb.py
2014-02-18 04:31:13.561980
Zavrsetak izvodenja skripte mongodb.py
Spremljeno u bazu :
1422
podataka!
Pocetak izvrsavanja mogodb.py
2014-02-18 08:31:16.763882
Zavrsetak izvodenja skripte mongodb.py
Spremljeno u bazu :
1419
podataka!
Pocetak izvrsavanja mogodb.py
2014-02-18 13:31:19.882929
Zavrsetak izvodenja skripte mongodb.py
Spremljeno u bazu :
1420
podataka!
Pocetak izvrsavanja mogodb.py
2014-02-18 17:31:13.295415
Zavrsetak izvodenja skripte mongodb.py
Spremljeno u bazu :
1413
podataka!
Pocetak izvrsavanja mogodb.py
2014-02-18 20:31:12.183445
Zavrsetak izvodenja skripte mongodb.py
Spremljeno u bazu :
1413
podataka!
Pocetak izvrsavanja mogodb.py
2014-02-18 22:31:06.263979
Zavrsetak izvodenja skripte mongodb.py
Spremljeno u bazu :
1414
podataka!
Pocetak izvrsavanja mogodb.py
2014-02-19 01:31:12.275829
Zavrsetak izvodenja skripte mongodb.py
Spremljeno u bazu :
1417
podataka!
Pocetak izvrsavanja mogodb.py
2014-02-19 04:31:14.404394
Zavrsetak izvodenja skripte mongodb.py
Spremljeno u bazu :
1416
podataka!
Pocetak izvrsavanja mogodb.py
2014-02-19 08:31:14.280097
Zavrsetak izvodenja skripte mongodb.py
Spremljeno u bazu :
1408
podataka!
Pocetak izvrsavanja mogodb.py
2014-02-19 13:31:13.663859
Zavrsetak izvodenja skripte mongodb.py
Spremljeno u bazu :
1411
podataka!
Pocetak izvrsavanja mogodb.py
2014-02-19 17:31:28.039806
Zavrsetak izvodenja skripte mongodb.py
Spremljeno u bazu :
1404
podataka!
Pocetak izvrsavanja mogodb.py
2014-02-19 20:31:12.769032
Zavrsetak izvodenja skripte mongodb.py
Spremljeno u bazu :
1404
podataka!
Pocetak izvrsavanja mogodb.py
2014-02-19 22:31:10.436577
Zavrsetak izvodenja skripte mongodb.py
Spremljeno u bazu :
1404
podataka!
Pocetak izvrsavanja mogodb.py
2014-02-20 01:31:10.681277
Zavrsetak izvodenja skripte mongodb.py
Spremljeno u bazu :
1396
podataka!
Pocetak izvrsavanja mogodb.py
2014-02-20 04:31:12.990182
Zavrsetak izvodenja skripte mongodb.py
Spremljeno u bazu :
1398
podataka!
Pocetak izvrsavanja mogodb.py
2014-02-20 08:31:14.010230
Zavrsetak izvodenja skripte mongodb.py
Spremljeno u bazu :
1403
podataka!
Pocetak izvrsavanja mogodb.py
2014-02-20 13:31:18.387931
Zavrsetak izvodenja skripte mongodb.py
Spremljeno u bazu :
1394
podataka!
Pocetak izvrsavanja mogodb.py
2014-02-20 17:31:11.947625
Zavrsetak izvodenja skripte mongodb.py
Spremljeno u bazu :
1374
podataka!
Pocetak izvrsavanja mogodb.py
2014-02-20 20:31:09.585215
Zavrsetak izvodenja skripte mongodb.py
Spremljeno u bazu :
1374
podataka!
Pocetak izvrsavanja mogodb.py
2014-02-20 22:31:05.499570
Zavrsetak izvodenja skripte mongodb.py
Spremljeno u bazu :
1374
podataka!
Pocetak izvrsavanja mogodb.py
2014-02-21 01:31:10.535572
Zavrsetak izvodenja skripte mongodb.py
Spremljeno u bazu :
1371
podataka!
Pocetak izvrsavanja mogodb.py
2014-02-21 04:32:14.736748
Zavrsetak izvodenja skripte mongodb.py
Spremljeno u bazu :
1373
podataka!
Pocetak izvrsavanja mogodb.py
2014-02-21 08:31:16.156548
Zavrsetak izvodenja skripte mongodb.py
Spremljeno u bazu :
1374
podataka!
Pocetak izvrsavanja mogodb.py
2014-02-21 13:31:30.650562
Zavrsetak izvodenja skripte mongodb.py
Spremljeno u bazu :
1379
podataka!
Pocetak izvrsavanja mogodb.py
2014-02-21 17:31:10.978813
Zavrsetak izvodenja skripte mongodb.py
Spremljeno u bazu :
1361
podataka!
Pocetak izvrsavanja mogodb.py
2014-02-21 20:31:11.492815
Zavrsetak izvodenja skripte mongodb.py
Spremljeno u bazu :
1363
podataka!
Pocetak izvrsavanja mogodb.py
2014-02-21 22:31:08.299837
Zavrsetak izvodenja skripte mongodb.py
Spremljeno u bazu :
1363
podataka!
Pocetak izvrsavanja mogodb.py
2014-02-22 01:31:08.638720
Zavrsetak izvodenja skripte mongodb.py
Spremljeno u bazu :
1370
podataka!
Pocetak izvrsavanja mogodb.py
2014-02-22 04:31:10.215051
Zavrsetak izvodenja skripte mongodb.py
Spremljeno u bazu :
1369
podataka!
Pocetak izvrsavanja mogodb.py
2014-02-22 08:31:31.138636
Zavrsetak izvodenja skripte mongodb.py
Spremljeno u bazu :
1367
podataka!
Pocetak izvrsavanja mogodb.py
2014-02-22 13:31:12.503327
Zavrsetak izvodenja skripte mongodb.py
Spremljeno u bazu :
1368
podataka!
Pocetak izvrsavanja mogodb.py
2014-02-22 17:31:16.813721
Zavrsetak izvodenja skripte mongodb.py
Spremljeno u bazu :
1364
podataka!
Pocetak izvrsavanja mogodb.py
2014-02-22 20:31:10.136585
Zavrsetak izvodenja skripte mongodb.py
Spremljeno u bazu :
1364
podataka!
Pocetak izvrsavanja mogodb.py
2014-02-22 22:31:08.256932
Zavrsetak izvodenja skripte mongodb.py
Spremljeno u bazu :
1364
podataka!
Pocetak izvrsavanja mogodb.py
2014-02-23 01:31:05.641760
Zavrsetak izvodenja skripte mongodb.py
Spremljeno u bazu :
1364
podataka!
Pocetak izvrsavanja mogodb.py
2014-02-23 04:31:14.177463
Zavrsetak izvodenja skripte mongodb.py
Spremljeno u bazu :
1366
podataka!
Pocetak izvrsavanja mogodb.py
2014-02-23 08:31:16.616211
Zavrsetak izvodenja skripte mongodb.py
Spremljeno u bazu :
1374
podataka!
Pocetak izvrsavanja mogodb.py
2014-02-23 13:31:12.197688
Zavrsetak izvodenja skripte mongodb.py
Spremljeno u bazu :
1376
podataka!
Pocetak izvrsavanja mogodb.py
2014-02-23 17:31:11.829439
Zavrsetak izvodenja skripte mongodb.py
Spremljeno u bazu :
1378
podataka!
Pocetak izvrsavanja mogodb.py
2014-02-23 20:31:51.454875
Zavrsetak izvodenja skripte mongodb.py
Spremljeno u bazu :
1381
podataka!
Pocetak izvrsavanja mogodb.py
2014-02-23 22:31:07.884338
Zavrsetak izvodenja skripte mongodb.py
Spremljeno u bazu :
1381
podataka!
Pocetak izvrsavanja mogodb.py
2014-02-24 01:31:11.799171
Zavrsetak izvodenja skripte mongodb.py
Spremljeno u bazu :
1379
podataka!
Pocetak izvrsavanja mogodb.py
2014-02-24 04:31:48.772365
Zavrsetak izvodenja skripte mongodb.py
Spremljeno u bazu :
1374
podataka!
Pocetak izvrsavanja mogodb.py
2014-02-24 08:32:00.175903
Zavrsetak izvodenja skripte mongodb.py
Spremljeno u bazu :
1377
podataka!
Pocetak izvrsavanja mogodb.py
2014-02-24 13:32:20.406735
Zavrsetak izvodenja skripte mongodb.py
Spremljeno u bazu :
1377
podataka!
Pocetak izvrsavanja mogodb.py
2014-02-24 17:31:21.184674
Zavrsetak izvodenja skripte mongodb.py
Spremljeno u bazu :
1369
podataka!
Pocetak izvrsavanja mogodb.py
2014-02-24 20:31:53.303417
Zavrsetak izvodenja skripte mongodb.py
Spremljeno u bazu :
1369
podataka!
Pocetak izvrsavanja mogodb.py
2014-02-24 22:31:28.976653
Zavrsetak izvodenja skripte mongodb.py
Spremljeno u bazu :
1372
podataka!
Pocetak izvrsavanja mogodb.py
2014-02-25 01:31:08.665928
Zavrsetak izvodenja skripte mongodb.py
Spremljeno u bazu :
1369
podataka!
Pocetak izvrsavanja mogodb.py
2014-02-25 04:31:10.684840
Zavrsetak izvodenja skripte mongodb.py
Spremljeno u bazu :
1357
podataka!
Pocetak izvrsavanja mogodb.py
2014-02-25 08:31:45.273224
Zavrsetak izvodenja skripte mongodb.py
Spremljeno u bazu :
1358
podataka!
Pocetak izvrsavanja mogodb.py
2014-02-25 13:31:22.572484
Zavrsetak izvodenja skripte mongodb.py
Spremljeno u bazu :
1361
podataka!
Pocetak izvrsavanja mogodb.py
2014-02-25 17:31:10.776590
Zavrsetak izvodenja skripte mongodb.py
Spremljeno u bazu :
1366
podataka!
Pocetak izvrsavanja mogodb.py
2014-02-25 20:31:11.792769
Zavrsetak izvodenja skripte mongodb.py
Spremljeno u bazu :
1366
podataka!
Pocetak izvrsavanja mogodb.py
2014-02-25 22:31:07.857390
Zavrsetak izvodenja skripte mongodb.py
Spremljeno u bazu :
1366
podataka!
Pocetak izvrsavanja mogodb.py
2014-02-26 01:31:09.977590
Zavrsetak izvodenja skripte mongodb.py
Spremljeno u bazu :
1366
podataka!
Pocetak izvrsavanja mogodb.py
2014-02-26 04:31:13.645634
Zavrsetak izvodenja skripte mongodb.py
Spremljeno u bazu :
1367
podataka!
Pocetak izvrsavanja mogodb.py
2014-02-26 08:31:38.747841
Zavrsetak izvodenja skripte mongodb.py
Spremljeno u bazu :
1369
podataka!
Pocetak izvrsavanja mogodb.py
2014-02-26 13:31:17.228695
Zavrsetak izvodenja skripte mongodb.py
Spremljeno u bazu :
1371
podataka!
Pocetak izvrsavanja mogodb.py
2014-02-26 17:31:08.966207
Zavrsetak izvodenja skripte mongodb.py
Spremljeno u bazu :
1373
podataka!
Pocetak izvrsavanja mogodb.py
2014-02-26 20:31:25.505234
Zavrsetak izvodenja skripte mongodb.py
Spremljeno u bazu :
1373
podataka!
Pocetak izvrsavanja mogodb.py
2014-02-26 22:31:08.152923
Zavrsetak izvodenja skripte mongodb.py
Spremljeno u bazu :
1373
podataka!
Pocetak izvrsavanja mogodb.py
2014-02-27 01:31:16.045985
Zavrsetak izvodenja skripte mongodb.py
Spremljeno u bazu :
1362
podataka!
Pocetak izvrsavanja mogodb.py
2014-02-27 04:31:13.405008
Zavrsetak izvodenja skripte mongodb.py
Spremljeno u bazu :
1337
podataka!
Pocetak izvrsavanja mogodb.py
2014-02-27 08:31:13.237393
Zavrsetak izvodenja skripte mongodb.py
Spremljeno u bazu :
1340
podataka!
Pocetak izvrsavanja mogodb.py
2014-02-27 13:31:11.143414
Zavrsetak izvodenja skripte mongodb.py
Spremljeno u bazu :
1334
podataka!
Pocetak izvrsavanja mogodb.py
2014-02-27 17:31:11.439409
Zavrsetak izvodenja skripte mongodb.py
Spremljeno u bazu :
1308
podataka!
Pocetak izvrsavanja mogodb.py
2014-02-27 20:31:10.561986
Zavrsetak izvodenja skripte mongodb.py
Spremljeno u bazu :
1308
podataka!
Pocetak izvrsavanja mogodb.py
2014-02-27 22:31:06.262812
Zavrsetak izvodenja skripte mongodb.py
Spremljeno u bazu :
1311
podataka!
Pocetak izvrsavanja mogodb.py
2014-02-28 01:32:10.515545
Zavrsetak izvodenja skripte mongodb.py
Spremljeno u bazu :
1308
podataka!
Pocetak izvrsavanja mogodb.py
2014-02-28 04:31:06.719459
Zavrsetak izvodenja skripte mongodb.py
Spremljeno u bazu :
1295
podataka!
Pocetak izvrsavanja mogodb.py
2014-02-28 08:31:11.825913
Zavrsetak izvodenja skripte mongodb.py
Spremljeno u bazu :
1295
podataka!
Pocetak izvrsavanja mogodb.py
2014-02-28 13:31:09.148628
Zavrsetak izvodenja skripte mongodb.py
Spremljeno u bazu :
1298
podataka!
Pocetak izvrsavanja mogodb.py
2014-02-28 17:31:08.975513
Pocetak izvrsavanja mogodb.py
2014-02-28 20:31:10.151672
Pocetak izvrsavanja mogodb.py
2014-02-28 22:31:04.319290
Pocetak izvrsavanja mogodb.py
2014-03-01 01:31:08.846465
Pocetak izvrsavanja mogodb.py
2014-03-01 04:31:10.495937
Pocetak izvrsavanja mogodb.py
2014-03-01 08:31:10.382547
Pocetak izvrsavanja mogodb.py
2014-03-01 13:31:09.772400
Pocetak izvrsavanja mogodb.py
2014-03-01 17:31:14.598819
Pocetak izvrsavanja mogodb.py
2014-03-01 20:31:11.171708
Pocetak izvrsavanja mogodb.py
2014-03-01 22:31:04.754539
Pocetak izvrsavanja mogodb.py
2014-03-02 01:31:08.255466
Pocetak izvrsavanja mogodb.py
2014-03-02 04:31:10.666723
Pocetak izvrsavanja mogodb.py
2014-03-02 08:31:10.003693
Pocetak izvrsavanja mogodb.py
2014-03-02 13:31:19.212270
Pocetak izvrsavanja mogodb.py
2014-03-02 17:31:10.915886
Pocetak izvrsavanja mogodb.py
2014-03-02 20:31:12.037242
Pocetak izvrsavanja mogodb.py
2014-03-02 22:31:18.934420
Pocetak izvrsavanja mogodb.py
2014-03-03 01:31:14.237997
Pocetak izvrsavanja mogodb.py
2014-03-03 04:31:09.661412
Pocetak izvrsavanja mogodb.py
2014-03-03 08:31:14.857443
Pocetak izvrsavanja mogodb.py
2014-03-03 13:31:11.870925
Pocetak izvrsavanja mogodb.py
2014-03-03 17:31:09.169351
Pocetak izvrsavanja mogodb.py
2014-03-03 20:31:11.310930
Pocetak izvrsavanja mogodb.py
2014-03-03 22:31:10.537707
Pocetak izvrsavanja mogodb.py
2014-03-04 01:31:18.843434
Pocetak izvrsavanja mogodb.py
2014-03-04 04:31:32.718369
Pocetak izvrsavanja mogodb.py
2014-03-04 08:31:14.926020
Pocetak izvrsavanja mogodb.py
2014-03-04 13:31:12.857563
Pocetak izvrsavanja mogodb.py
2014-03-04 17:31:10.255726
Pocetak izvrsavanja mogodb.py
2014-03-04 20:31:07.832753
Pocetak izvrsavanja mogodb.py
2014-03-04 22:31:05.651721
Pocetak izvrsavanja mogodb.py
2014-03-05 01:31:09.947948
Pocetak izvrsavanja mogodb.py
2014-03-05 04:32:17.481185
Pocetak izvrsavanja mogodb.py
2014-03-05 08:31:10.876596
Pocetak izvrsavanja mogodb.py
2014-03-05 13:31:14.224087
Pocetak izvrsavanja mogodb.py
2014-03-05 17:31:08.265264
Pocetak izvrsavanja mogodb.py
2014-03-05 20:31:10.319976
Pocetak izvrsavanja mogodb.py
2014-03-05 22:31:58.162162
Pocetak izvrsavanja mogodb.py
2014-03-06 01:31:11.686103
Pocetak izvrsavanja mogodb.py
2014-03-06 04:31:08.548589
Pocetak izvrsavanja mogodb.py
2014-03-06 08:31:14.665684
Pocetak izvrsavanja mogodb.py
2014-03-06 13:31:25.082109
Pocetak izvrsavanja mogodb.py
2014-03-06 17:31:11.623913
Pocetak izvrsavanja mogodb.py
2014-03-06 20:31:10.983000
Pocetak izvrsavanja mogodb.py
2014-03-06 22:31:15.887885
Pocetak izvrsavanja mogodb.py
2014-03-07 01:31:10.782241
Pocetak izvrsavanja mogodb.py
2014-03-07 04:31:13.057625
Pocetak izvrsavanja mogodb.py
2014-03-07 08:31:11.362778
Pocetak izvrsavanja mogodb.py
2014-03-07 13:31:09.274188
Pocetak izvrsavanja mogodb.py
2014-03-07 17:31:10.000248
Pocetak izvrsavanja mogodb.py
2014-03-07 20:31:08.228915
Pocetak izvrsavanja mogodb.py
2014-03-07 22:31:13.479278
Pocetak izvrsavanja mogodb.py
2014-03-08 01:31:10.973690
Pocetak izvrsavanja mogodb.py
2014-03-08 04:31:47.276762
Pocetak izvrsavanja mogodb.py
2014-03-08 08:31:11.490728
Pocetak izvrsavanja mogodb.py
2014-03-08 13:31:15.537659
Pocetak izvrsavanja mogodb.py
2014-03-08 17:31:10.326280
Pocetak izvrsavanja mogodb.py
2014-03-08 20:31:05.046496
Pocetak izvrsavanja mogodb.py
2014-03-08 22:31:11.356077
Pocetak izvrsavanja mogodb.py
2014-03-09 01:31:08.279473
Pocetak izvrsavanja mogodb.py
2014-03-09 04:31:09.119278
Pocetak izvrsavanja mogodb.py
2014-03-09 08:31:11.952643
Pocetak izvrsavanja mogodb.py
2014-03-09 13:31:18.858015
Pocetak izvrsavanja mogodb.py
2014-03-09 17:31:13.461840
Pocetak izvrsavanja mogodb.py
2014-03-09 20:31:44.304048
Pocetak izvrsavanja mogodb.py
2014-03-09 22:31:11.847988
Pocetak izvrsavanja mogodb.py
2014-03-10 01:31:18.301978
Pocetak izvrsavanja mogodb.py
2014-03-10 04:31:14.722605
Pocetak izvrsavanja mogodb.py
2014-03-10 08:31:16.787424
Pocetak izvrsavanja mogodb.py
2014-03-10 13:31:21.529275
Pocetak izvrsavanja mogodb.py
2014-03-10 17:31:09.878376
Pocetak izvrsavanja mogodb.py
2014-03-10 20:37:16.339906
Pocetak izvrsavanja mogodb.py
2014-03-10 22:31:10.329102
Pocetak izvrsavanja mogodb.py
2014-03-11 01:31:07.513750
Pocetak izvrsavanja mogodb.py
2014-03-11 04:31:27.969720
Pocetak izvrsavanja mogodb.py
2014-03-11 08:31:25.685698
Pocetak izvrsavanja mogodb.py
2014-03-11 13:31:17.690766
Pocetak izvrsavanja mogodb.py
2014-03-11 17:31:15.092145
Pocetak izvrsavanja mogodb.py
2014-03-11 20:31:12.746947
Pocetak izvrsavanja mogodb.py
2014-03-11 22:31:07.078204
Pocetak izvrsavanja mogodb.py
2014-03-12 01:31:27.564271
Pocetak izvrsavanja mogodb.py
2014-03-12 04:31:14.223201
Pocetak izvrsavanja mogodb.py
2014-03-12 08:31:15.090353
Pocetak izvrsavanja mogodb.py
2014-03-12 13:31:21.217221
Pocetak izvrsavanja mogodb.py
2014-03-12 17:31:14.278627
Pocetak izvrsavanja mogodb.py
2014-03-12 20:31:05.515769
Pocetak izvrsavanja mogodb.py
2014-03-12 22:31:13.215174
Pocetak izvrsavanja mogodb.py
2014-03-13 01:31:08.172166
Pocetak izvrsavanja mogodb.py
2014-03-13 04:31:17.237508
Pocetak izvrsavanja mogodb.py
2014-03-13 08:31:17.922345
Pocetak izvrsavanja mogodb.py
2014-03-13 13:31:24.620537
Pocetak izvrsavanja mogodb.py
2014-03-13 17:31:13.833028
Pocetak izvrsavanja mogodb.py
2014-03-13 20:31:08.888230
Pocetak izvrsavanja mogodb.py
2014-03-13 22:31:06.886247
Pocetak izvrsavanja mogodb.py
2014-03-14 01:31:14.683295
Pocetak izvrsavanja mogodb.py
2014-03-14 04:31:18.140942
Pocetak izvrsavanja mogodb.py
2014-03-14 08:31:32.028441
Pocetak izvrsavanja mogodb.py
2014-03-14 13:31:18.461530
Pocetak izvrsavanja mogodb.py
2014-03-14 17:31:11.192114
Pocetak izvrsavanja mogodb.py
2014-03-14 20:31:13.726370
Pocetak izvrsavanja mogodb.py
2014-03-14 22:31:10.440708
Pocetak izvrsavanja mogodb.py
2014-03-15 01:31:11.184001
Pocetak izvrsavanja mogodb.py
2014-03-15 04:31:14.182632
Pocetak izvrsavanja mogodb.py
2014-03-15 08:31:11.911928
Pocetak izvrsavanja mogodb.py
2014-03-15 13:31:12.037614
Pocetak izvrsavanja mogodb.py
2014-03-15 17:31:19.386997
Pocetak izvrsavanja mogodb.py
2014-03-15 20:31:25.400262
Pocetak izvrsavanja mogodb.py
2014-03-15 22:31:19.020360
Pocetak izvrsavanja mogodb.py
2014-03-16 01:31:23.066806
Pocetak izvrsavanja mogodb.py
2014-03-16 04:32:37.138453
Pocetak izvrsavanja mogodb.py
2014-03-16 08:31:18.268337
Pocetak izvrsavanja mogodb.py
2014-03-16 13:31:14.077757
Pocetak izvrsavanja mogodb.py
2014-03-16 17:31:15.112039
Pocetak izvrsavanja mogodb.py
2014-03-16 20:31:17.049972
Pocetak izvrsavanja mogodb.py
2014-03-16 22:31:11.730552
Pocetak izvrsavanja mogodb.py
2014-03-17 01:31:17.589686
Pocetak izvrsavanja mogodb.py
2014-03-17 04:31:13.870188
Pocetak izvrsavanja mogodb.py
2014-03-17 08:31:18.972841
Pocetak izvrsavanja mogodb.py
2014-03-17 13:31:15.402315
Pocetak izvrsavanja mogodb.py
2014-03-17 17:31:15.375555
Pocetak izvrsavanja mogodb.py
2014-03-17 20:31:11.287996
Pocetak izvrsavanja mogodb.py
2014-03-17 22:31:15.848829
Pocetak izvrsavanja mogodb.py
2014-03-18 01:31:21.266152
Pocetak izvrsavanja mogodb.py
2014-03-18 04:31:13.719472
Pocetak izvrsavanja mogodb.py
2014-03-18 08:31:15.661818
Pocetak izvrsavanja mogodb.py
2014-03-18 13:31:23.566735
Pocetak izvrsavanja mogodb.py
2014-03-18 17:31:13.928975
Pocetak izvrsavanja mogodb.py
2014-03-18 20:35:30.535402
Pocetak izvrsavanja mogodb.py
2014-03-18 22:31:11.323114
Pocetak izvrsavanja mogodb.py
2014-03-19 01:31:20.674951
Pocetak izvrsavanja mogodb.py
2014-03-19 04:31:14.177373
Pocetak izvrsavanja mogodb.py
2014-03-19 08:31:16.647343
Pocetak izvrsavanja mogodb.py
2014-03-19 13:31:13.742525
Pocetak izvrsavanja mogodb.py
2014-03-19 17:31:13.163983
Pocetak izvrsavanja mogodb.py
2014-03-19 20:31:11.556010
Pocetak izvrsavanja mogodb.py
2014-03-19 22:31:08.820544
Pocetak izvrsavanja mogodb.py
2014-03-20 01:31:13.353654
Pocetak izvrsavanja mogodb.py
2014-03-20 04:31:17.824693
Pocetak izvrsavanja mogodb.py
2014-03-20 08:31:18.068893
Pocetak izvrsavanja mogodb.py
2014-03-20 13:31:14.620420
Pocetak izvrsavanja mogodb.py
2014-03-20 17:31:10.315901
Pocetak izvrsavanja mogodb.py
2014-03-20 20:31:12.303498
Pocetak izvrsavanja mogodb.py
2014-03-20 22:31:07.200538
Pocetak izvrsavanja mogodb.py
2014-03-21 01:31:18.126881
Pocetak izvrsavanja mogodb.py
2014-03-21 04:31:13.448688
Pocetak izvrsavanja mogodb.py
2014-03-21 08:31:26.241669
Pocetak izvrsavanja mogodb.py
2014-03-21 13:31:12.395287
Pocetak izvrsavanja mogodb.py
2014-03-21 17:31:11.847436
Pocetak izvrsavanja mogodb.py
2014-03-21 20:31:11.643139
Pocetak izvrsavanja mogodb.py
2014-03-21 22:31:12.753644
Pocetak izvrsavanja mogodb.py
2014-03-22 01:31:11.488169
Pocetak izvrsavanja mogodb.py
2014-03-22 04:31:18.601387
Pocetak izvrsavanja mogodb.py
2014-03-22 08:31:20.475601
Pocetak izvrsavanja mogodb.py
2014-03-22 13:31:20.201429
Pocetak izvrsavanja mogodb.py
2014-03-22 17:31:08.552672
Pocetak izvrsavanja mogodb.py
2014-03-22 20:31:12.013984
Pocetak izvrsavanja mogodb.py
2014-03-22 22:31:06.976386
Pocetak izvrsavanja mogodb.py
2014-03-23 01:31:11.842310
Pocetak izvrsavanja mogodb.py
2014-03-23 04:31:14.780888
Pocetak izvrsavanja mogodb.py
2014-03-23 08:31:17.445986
Pocetak izvrsavanja mogodb.py
2014-03-23 13:31:14.093621
Pocetak izvrsavanja mogodb.py
2014-03-23 17:31:15.729455
Pocetak izvrsavanja mogodb.py
2014-03-23 20:31:11.332937
Pocetak izvrsavanja mogodb.py
2014-03-23 22:31:05.599231
Pocetak izvrsavanja mogodb.py
2014-03-24 01:31:17.510830
Pocetak izvrsavanja mogodb.py
2014-03-24 04:31:16.757529
Pocetak izvrsavanja mogodb.py
2014-03-24 08:31:25.480629
Pocetak izvrsavanja mogodb.py
2014-03-24 13:31:27.155960
Pocetak izvrsavanja mogodb.py
2014-03-24 17:31:11.242460
Pocetak izvrsavanja mogodb.py
2014-03-24 20:31:10.253616
Pocetak izvrsavanja mogodb.py
2014-03-24 22:31:10.528888
Pocetak izvrsavanja mogodb.py
2014-03-25 01:31:18.958736
Pocetak izvrsavanja mogodb.py
2014-03-25 04:31:15.214566
Pocetak izvrsavanja mogodb.py
2014-03-25 08:31:16.765263
Pocetak izvrsavanja mogodb.py
2014-03-25 13:31:18.981249
Pocetak izvrsavanja mogodb.py
2014-03-25 17:31:15.234822
Pocetak izvrsavanja mogodb.py
2014-03-25 20:31:15.981585
Pocetak izvrsavanja mogodb.py
2014-03-25 22:31:12.230644
Pocetak izvrsavanja mogodb.py
2014-03-26 01:31:11.473165
Pocetak izvrsavanja mogodb.py
2014-03-26 04:31:17.113307
Pocetak izvrsavanja mogodb.py
2014-03-26 08:31:24.019461
Pocetak izvrsavanja mogodb.py
2014-03-26 13:31:19.253431
Pocetak izvrsavanja mogodb.py
2014-03-26 17:31:17.731411
Pocetak izvrsavanja mogodb.py
2014-03-26 20:31:10.606210
Pocetak izvrsavanja mogodb.py
2014-03-26 22:31:09.973979
Pocetak izvrsavanja mogodb.py
2014-03-27 01:31:15.918109
Pocetak izvrsavanja mogodb.py
2014-03-27 04:31:10.857004
Pocetak izvrsavanja mogodb.py
2014-03-27 08:31:14.958267
Pocetak izvrsavanja mogodb.py
2014-03-27 13:31:18.089387
Pocetak izvrsavanja mogodb.py
2014-03-27 17:31:14.085828
Pocetak izvrsavanja mogodb.py
2014-03-27 20:31:09.696330
Pocetak izvrsavanja mogodb.py
2014-03-27 22:31:17.842468
Pocetak izvrsavanja mogodb.py
2014-03-28 01:31:15.762475
Pocetak izvrsavanja mogodb.py
2014-03-28 04:31:19.706885
Pocetak izvrsavanja mogodb.py
2014-03-28 08:31:21.254234
Pocetak izvrsavanja mogodb.py
2014-03-28 13:31:13.822846
Pocetak izvrsavanja mogodb.py
2014-03-28 17:31:11.252539
Pocetak izvrsavanja mogodb.py
2014-03-28 20:31:11.192979
Pocetak izvrsavanja mogodb.py
2014-03-28 22:31:12.438406
Pocetak izvrsavanja mogodb.py
2014-03-29 01:31:08.081676
Pocetak izvrsavanja mogodb.py
2014-03-29 04:31:12.347785
Pocetak izvrsavanja mogodb.py
2014-03-29 08:31:17.203882
Pocetak izvrsavanja mogodb.py
2014-03-29 13:31:15.681575
Pocetak izvrsavanja mogodb.py
2014-03-29 17:31:14.011578
Pocetak izvrsavanja mogodb.py
2014-03-29 20:31:07.440971
Pocetak izvrsavanja mogodb.py
2014-03-29 22:31:11.339960
Pocetak izvrsavanja mogodb.py
2014-03-30 01:31:10.430771
Pocetak izvrsavanja mogodb.py
2014-03-30 04:31:13.902509
Pocetak izvrsavanja mogodb.py
2014-03-30 08:31:17.052698
Pocetak izvrsavanja mogodb.py
2014-03-30 13:31:13.647267
Pocetak izvrsavanja mogodb.py
2014-03-30 17:31:16.847980
Pocetak izvrsavanja mogodb.py
2014-03-30 20:31:08.138068
Pocetak izvrsavanja mogodb.py
2014-03-30 22:31:11.363225
Pocetak izvrsavanja mogodb.py
2014-03-31 01:31:10.658743
Pocetak izvrsavanja mogodb.py
2014-03-31 04:31:10.456931
Pocetak izvrsavanja mogodb.py
2014-03-31 08:31:20.241837
Pocetak izvrsavanja mogodb.py
2014-03-31 13:31:19.453395
Pocetak izvrsavanja mogodb.py
2014-03-31 17:31:11.438605
Pocetak izvrsavanja mogodb.py
2014-03-31 20:31:08.077688
Pocetak izvrsavanja mogodb.py
2014-03-31 22:31:11.897361
Pocetak izvrsavanja mogodb.py
2014-04-01 01:31:09.948534
Pocetak izvrsavanja mogodb.py
2014-04-01 04:31:17.717029
Pocetak izvrsavanja mogodb.py
2014-04-01 08:31:16.246835
Pocetak izvrsavanja mogodb.py
2014-04-01 13:31:17.234107
Pocetak izvrsavanja mogodb.py
2014-04-01 17:31:12.355523
Pocetak izvrsavanja mogodb.py
2014-04-01 20:31:06.379501
Pocetak izvrsavanja mogodb.py
2014-04-01 22:31:08.999574
Pocetak izvrsavanja mogodb.py
2014-04-02 01:31:10.425221
Pocetak izvrsavanja mogodb.py
2014-04-02 04:31:19.709334
Pocetak izvrsavanja mogodb.py
2014-04-02 08:31:26.714387
Pocetak izvrsavanja mogodb.py
2014-04-02 13:31:16.980650
Pocetak izvrsavanja mogodb.py
2014-04-02 17:31:18.324594
Pocetak izvrsavanja mogodb.py
2014-04-02 20:31:10.998047
Pocetak izvrsavanja mogodb.py
2014-04-02 22:31:23.850059
Pocetak izvrsavanja mogodb.py
2014-04-03 01:31:11.692103
Pocetak izvrsavanja mogodb.py
2014-04-03 04:31:13.067944
Pocetak izvrsavanja mogodb.py
2014-04-03 08:31:24.183804
Pocetak izvrsavanja mogodb.py
2014-04-03 13:31:13.315075
Pocetak izvrsavanja mogodb.py
2014-04-03 17:31:22.564193
Pocetak izvrsavanja mogodb.py
2014-04-03 20:31:06.836764
Pocetak izvrsavanja mogodb.py
2014-04-03 22:31:13.545397
Pocetak izvrsavanja mogodb.py
2014-04-04 01:31:18.115093
Pocetak izvrsavanja mogodb.py
2014-04-04 04:31:13.012414
Pocetak izvrsavanja mogodb.py
2014-04-04 08:31:14.763451
Pocetak izvrsavanja mogodb.py
2014-04-04 13:31:13.781251
Pocetak izvrsavanja mogodb.py
2014-04-04 17:31:11.800627
Pocetak izvrsavanja mogodb.py
2014-04-04 20:31:12.534903
Pocetak izvrsavanja mogodb.py
2014-04-04 22:31:08.614749
Pocetak izvrsavanja mogodb.py
2014-04-05 01:31:15.374838
Pocetak izvrsavanja mogodb.py
2014-04-05 04:31:14.001199
Pocetak izvrsavanja mogodb.py
2014-04-05 08:31:13.664383
Pocetak izvrsavanja mogodb.py
2014-04-05 13:31:07.577452
Pocetak izvrsavanja mogodb.py
2014-04-05 17:31:12.162826
Pocetak izvrsavanja mogodb.py
2014-04-05 20:31:07.947711
Pocetak izvrsavanja mogodb.py
2014-04-05 22:31:15.097167
Pocetak izvrsavanja mogodb.py
2014-04-06 01:31:10.286632
Pocetak izvrsavanja mogodb.py
2014-04-06 04:31:10.675049
Pocetak izvrsavanja mogodb.py
2014-04-06 08:31:21.337048
Pocetak izvrsavanja mogodb.py
2014-04-06 13:31:13.005328
Pocetak izvrsavanja mogodb.py
2014-04-06 17:31:16.157733
Pocetak izvrsavanja mogodb.py
2014-04-06 20:31:10.738389
Pocetak izvrsavanja mogodb.py
2014-04-06 22:31:10.719236
Pocetak izvrsavanja mogodb.py
2014-04-07 01:31:19.322408
Pocetak izvrsavanja mogodb.py
2014-04-07 04:31:12.487544
Pocetak izvrsavanja mogodb.py
2014-04-07 08:31:17.780477
Pocetak izvrsavanja mogodb.py
2014-04-07 13:31:21.188760
Pocetak izvrsavanja mogodb.py
2014-04-07 17:31:18.079171
Pocetak izvrsavanja mogodb.py
2014-04-07 20:31:07.928696
Pocetak izvrsavanja mogodb.py
2014-04-07 22:31:11.279517
Pocetak izvrsavanja mogodb.py
2014-04-08 01:31:13.168987
Pocetak izvrsavanja mogodb.py
2014-04-08 04:31:17.010192
Pocetak izvrsavanja mogodb.py
2014-04-08 08:31:22.894723
Pocetak izvrsavanja mogodb.py
2014-04-08 13:31:17.750631
Pocetak izvrsavanja mogodb.py
2014-04-08 17:31:20.543874
Pocetak izvrsavanja mogodb.py
2014-04-08 20:31:11.673364
Pocetak izvrsavanja mogodb.py
2014-04-08 22:31:15.431283
Pocetak izvrsavanja mogodb.py
2014-04-09 01:31:15.665575
Pocetak izvrsavanja mogodb.py
2014-04-09 04:31:17.254494
Pocetak izvrsavanja mogodb.py
2014-04-09 08:31:23.699343
Pocetak izvrsavanja mogodb.py
2014-04-09 13:31:15.165091
Pocetak izvrsavanja mogodb.py
2014-04-09 17:31:33.486720
Pocetak izvrsavanja mogodb.py
2014-04-09 20:31:14.404031
Pocetak izvrsavanja mogodb.py
2014-04-09 22:31:13.507664
Pocetak izvrsavanja mogodb.py
2014-04-10 01:31:17.709685
Pocetak izvrsavanja mogodb.py
2014-04-10 04:31:22.994312
Pocetak izvrsavanja mogodb.py
2014-04-10 08:31:10.442380
Pocetak izvrsavanja mogodb.py
2014-04-10 13:31:10.590614
Pocetak izvrsavanja mogodb.py
2014-04-10 17:31:15.410122
Pocetak izvrsavanja mogodb.py
2014-04-10 20:31:12.379275
Pocetak izvrsavanja mogodb.py
2014-04-10 22:31:10.718254
Pocetak izvrsavanja mogodb.py
2014-04-11 01:31:16.161604
Pocetak izvrsavanja mogodb.py
2014-04-11 04:31:16.374332
Pocetak izvrsavanja mogodb.py
2014-04-11 08:31:10.165545
Pocetak izvrsavanja mogodb.py
2014-04-11 13:31:13.765433
Pocetak izvrsavanja mogodb.py
2014-04-11 17:31:18.720906
Pocetak izvrsavanja mogodb.py
2014-04-11 20:31:12.546194
Pocetak izvrsavanja mogodb.py
2014-04-11 22:31:12.245430
Pocetak izvrsavanja mogodb.py
2014-04-12 01:31:11.425303
Pocetak izvrsavanja mogodb.py
2014-04-12 04:31:23.974664
Pocetak izvrsavanja mogodb.py
2014-04-12 08:31:15.129157
Pocetak izvrsavanja mogodb.py
2014-04-12 13:31:16.071495
Pocetak izvrsavanja mogodb.py
2014-04-12 17:31:16.995465
Pocetak izvrsavanja mogodb.py
2014-04-12 20:31:09.734296
Pocetak izvrsavanja mogodb.py
2014-04-12 22:31:14.936924
Pocetak izvrsavanja mogodb.py
2014-04-13 01:31:10.212198
Pocetak izvrsavanja mogodb.py
2014-04-13 04:31:13.055799
Pocetak izvrsavanja mogodb.py
2014-04-13 08:31:14.270538
Pocetak izvrsavanja mogodb.py
2014-04-13 13:31:16.414166
Pocetak izvrsavanja mogodb.py
2014-04-13 17:31:19.114261
Pocetak izvrsavanja mogodb.py
2014-04-13 20:31:09.955255
Pocetak izvrsavanja mogodb.py
2014-04-13 22:35:45.839340
Pocetak izvrsavanja mogodb.py
2014-04-14 01:31:19.613581
Pocetak izvrsavanja mogodb.py
2014-04-14 04:31:17.692565
Pocetak izvrsavanja mogodb.py
2014-04-14 08:31:12.861340
Pocetak izvrsavanja mogodb.py
2014-04-14 13:31:16.186619
Pocetak izvrsavanja mogodb.py
2014-04-14 17:31:17.014474
Pocetak izvrsavanja mogodb.py
2014-04-14 20:31:13.059210
Pocetak izvrsavanja mogodb.py
2014-04-14 22:31:08.880646
Pocetak izvrsavanja mogodb.py
2014-04-15 01:31:17.134051
Pocetak izvrsavanja mogodb.py
2014-04-15 04:31:27.646693
Pocetak izvrsavanja mogodb.py
2014-04-15 08:31:17.991368
Pocetak izvrsavanja mogodb.py
2014-04-15 13:31:21.180139
Pocetak izvrsavanja mogodb.py
2014-04-15 17:31:16.723394
Pocetak izvrsavanja mogodb.py
2014-04-15 20:31:12.753402
Pocetak izvrsavanja mogodb.py
2014-04-15 22:31:11.739311
Pocetak izvrsavanja mogodb.py
2014-04-16 01:31:32.551101
Pocetak izvrsavanja mogodb.py
2014-04-16 04:31:16.940927
Pocetak izvrsavanja mogodb.py
2014-04-16 08:31:16.783963
Pocetak izvrsavanja mogodb.py
2014-04-16 13:31:18.535032
Pocetak izvrsavanja mogodb.py
2014-04-16 17:31:21.013450
Pocetak izvrsavanja mogodb.py
2014-04-16 20:31:13.314204
Pocetak izvrsavanja mogodb.py
2014-04-16 22:31:15.493037
Pocetak izvrsavanja mogodb.py
2014-04-17 01:31:28.205778
Pocetak izvrsavanja mogodb.py
2014-04-17 04:31:23.755399
Pocetak izvrsavanja mogodb.py
2014-04-17 08:31:16.272123
Pocetak izvrsavanja mogodb.py
2014-04-17 13:31:16.036120
Pocetak izvrsavanja mogodb.py
2014-04-17 17:31:22.776189
Pocetak izvrsavanja mogodb.py
2014-04-17 20:31:09.040647
Pocetak izvrsavanja mogodb.py
2014-04-17 22:31:14.275958
Pocetak izvrsavanja mogodb.py
2014-04-18 01:31:09.436534
Pocetak izvrsavanja mogodb.py
2014-04-18 04:31:14.107490
Pocetak izvrsavanja mogodb.py
2014-04-18 08:31:18.990454
Pocetak izvrsavanja mogodb.py
2014-04-18 13:31:22.280649
Pocetak izvrsavanja mogodb.py
2014-04-18 17:31:16.295525
Pocetak izvrsavanja mogodb.py
2014-04-18 20:31:11.069374
Pocetak izvrsavanja mogodb.py
2014-04-18 22:31:16.229371
Pocetak izvrsavanja mogodb.py
2014-04-19 01:31:09.361680
Pocetak izvrsavanja mogodb.py
2014-04-19 04:31:17.197598
Pocetak izvrsavanja mogodb.py
2014-04-19 08:31:15.889169
Pocetak izvrsavanja mogodb.py
2014-04-19 13:31:15.802382
Pocetak izvrsavanja mogodb.py
2014-04-19 17:31:14.368423
Pocetak izvrsavanja mogodb.py
2014-04-19 20:31:13.772754
Pocetak izvrsavanja mogodb.py
2014-04-19 22:31:09.294261
Pocetak izvrsavanja mogodb.py
2014-04-20 01:31:12.078466
Pocetak izvrsavanja mogodb.py
2014-04-20 04:31:15.731598
Pocetak izvrsavanja mogodb.py
2014-04-20 08:31:17.206010
Pocetak izvrsavanja mogodb.py
2014-04-20 13:31:15.421745
Pocetak izvrsavanja mogodb.py
2014-04-20 17:31:13.218378
Pocetak izvrsavanja mogodb.py
2014-04-20 20:31:11.485989
Pocetak izvrsavanja mogodb.py
2014-04-20 22:31:15.264290
Pocetak izvrsavanja mogodb.py
2014-04-21 01:31:13.043424
Pocetak izvrsavanja mogodb.py
2014-04-21 04:31:13.667092
Pocetak izvrsavanja mogodb.py
2014-04-21 08:31:17.628360
Pocetak izvrsavanja mogodb.py
2014-04-21 13:31:15.761440
Pocetak izvrsavanja mogodb.py
2014-04-21 17:31:23.621805
Pocetak izvrsavanja mogodb.py
2014-04-21 20:31:09.875230
Pocetak izvrsavanja mogodb.py
2014-04-21 22:31:16.854518
Pocetak izvrsavanja mogodb.py
2014-04-22 01:31:29.898531
Pocetak izvrsavanja mogodb.py
2014-04-22 04:32:09.307244
Pocetak izvrsavanja mogodb.py
2014-04-22 08:31:24.822547
Pocetak izvrsavanja mogodb.py
2014-04-22 13:31:40.890561
Pocetak izvrsavanja mogodb.py
2014-04-22 17:31:19.320371
Pocetak izvrsavanja mogodb.py
2014-04-22 20:31:14.921860
Pocetak izvrsavanja mogodb.py
2014-04-22 22:31:10.647886
Pocetak izvrsavanja mogodb.py
2014-04-23 01:31:18.202335
Pocetak izvrsavanja mogodb.py
2014-04-23 04:31:13.738618
Pocetak izvrsavanja mogodb.py
2014-04-23 08:31:30.108875
Pocetak izvrsavanja mogodb.py
2014-04-23 13:31:34.868254
Pocetak izvrsavanja mogodb.py
2014-04-23 17:31:17.216996
Pocetak izvrsavanja mogodb.py
2014-04-23 20:31:11.774401
Pocetak izvrsavanja mogodb.py
2014-04-23 22:31:11.228268
Pocetak izvrsavanja mogodb.py
2014-04-24 01:31:16.766512
Pocetak izvrsavanja mogodb.py
2014-04-24 04:31:17.552570
Pocetak izvrsavanja mogodb.py
2014-04-24 08:31:22.028952
Pocetak izvrsavanja mogodb.py
2014-04-24 13:31:14.157798
Pocetak izvrsavanja mogodb.py
2014-04-24 17:31:15.517904
Pocetak izvrsavanja mogodb.py
2014-04-24 20:31:10.934952
Pocetak izvrsavanja mogodb.py
2014-04-24 22:31:15.879812
Pocetak izvrsavanja mogodb.py
2014-04-25 01:31:12.021637
Pocetak izvrsavanja mogodb.py
2014-04-25 04:31:16.637548
Pocetak izvrsavanja mogodb.py
2014-04-25 08:31:17.355111
Pocetak izvrsavanja mogodb.py
2014-04-25 13:31:18.055219
Pocetak izvrsavanja mogodb.py
2014-04-25 17:31:16.634634
Pocetak izvrsavanja mogodb.py
2014-04-25 20:31:17.283770
Pocetak izvrsavanja mogodb.py
2014-04-25 22:31:10.975109
Pocetak izvrsavanja mogodb.py
2014-04-26 01:31:11.036253
Pocetak izvrsavanja mogodb.py
2014-04-26 04:31:13.994470
